[06Jan2025 02:37:06.696] [main/INFO] [cpw.mods.modlauncher.Launcher/MODLAUNCHER]: ModLauncher running: args [--launchTarget, neoforgeserver, --fml.neoForgeVersion, 21.4.48-beta, --fml.fmlVersion, 6.0.4, --fml.mcVersion, 1.21.4, --fml.neoFormVersion, 20241203.161809, nogui]
[06Jan2025 02:37:06.713] [main/INFO] [cpw.mods.modlauncher.Launcher/MODLAUNCHER]: JVM identified as Ubuntu OpenJDK 64-Bit Server VM 21.0.5+11-Ubuntu-1ubuntu120.04
[06Jan2025 02:37:06.725] [main/INFO] [cpw.mods.modlauncher.Launcher/MODLAUNCHER]: ModLauncher 11.0.4+main.d2e20e43 starting: java version 21.0.5 by Ubuntu; OS Linux arch amd64 version 6.5.0-1025-azure
[06Jan2025 02:37:06.820] [main/DEBUG] [cpw.mods.modlauncher.LaunchServiceHandler/MODLAUNCHER]: Found launch services [minecraft,neoforgeclientdatadev,neoforgeserver,testharness,neoforgejunitdev,neoforgeclient,neoforgeserverdev,neoforgeclientdev,neoforgeserverdatadev]
[06Jan2025 02:37:06.846] [main/DEBUG] [cpw.mods.modlauncher.LaunchPluginHandler/MODLAUNCHER]: Found launch plugins: [mixin,slf4jfixer,runtime_enum_extender,accesstransformer,runtimedistcleaner]
[06Jan2025 02:37:06.857] [main/DEBUG] [cpw.mods.modlauncher.TransformationServicesHandler/MODLAUNCHER]: Discovering transformation services
[06Jan2025 02:37:06.862] [main/DEBUG] [net.neoforged.fml.loading.FMLPaths/CORE]: Path GAMEDIR is /workspaces/Prueba/servidor_minecraft
[06Jan2025 02:37:06.862] [main/DEBUG] [net.neoforged.fml.loading.FMLPaths/CORE]: Path MODSDIR is /workspaces/Prueba/servidor_minecraft/mods
[06Jan2025 02:37:06.862] [main/DEBUG] [net.neoforged.fml.loading.FMLPaths/CORE]: Path CONFIGDIR is /workspaces/Prueba/servidor_minecraft/config
[06Jan2025 02:37:06.862] [main/DEBUG] [net.neoforged.fml.loading.FMLPaths/CORE]: Path FMLCONFIG is /workspaces/Prueba/servidor_minecraft/config/fml.toml
[06Jan2025 02:37:06.905] [main/TRACE] [net.neoforged.fml.loading.FMLConfig/CORE]: Loaded FML config from /workspaces/Prueba/servidor_minecraft/config/fml.toml
[06Jan2025 02:37:06.906] [main/TRACE] [net.neoforged.fml.loading.FMLConfig/CORE]: FMLConfig disableConfigWatcher is false
[06Jan2025 02:37:06.906] [main/TRACE] [net.neoforged.fml.loading.FMLConfig/CORE]: FMLConfig earlyWindowControl is true
[06Jan2025 02:37:06.906] [main/TRACE] [net.neoforged.fml.loading.FMLConfig/CORE]: FMLConfig maxThreads is 2
[06Jan2025 02:37:06.906] [main/TRACE] [net.neoforged.fml.loading.FMLConfig/CORE]: FMLConfig versionCheck is true
[06Jan2025 02:37:06.907] [main/TRACE] [net.neoforged.fml.loading.FMLConfig/CORE]: FMLConfig defaultConfigPath is defaultconfigs
[06Jan2025 02:37:06.907] [main/TRACE] [net.neoforged.fml.loading.FMLConfig/CORE]: FMLConfig disableOptimizedDFU is true
[06Jan2025 02:37:06.907] [main/TRACE] [net.neoforged.fml.loading.FMLConfig/CORE]: FMLConfig earlyWindowProvider is fmlearlywindow
[06Jan2025 02:37:06.907] [main/TRACE] [net.neoforged.fml.loading.FMLConfig/CORE]: FMLConfig earlyWindowWidth is 854
[06Jan2025 02:37:06.907] [main/TRACE] [net.neoforged.fml.loading.FMLConfig/CORE]: FMLConfig earlyWindowHeight is 480
[06Jan2025 02:37:06.908] [main/TRACE] [net.neoforged.fml.loading.FMLConfig/CORE]: FMLConfig earlyWindowFBScale is 1
[06Jan2025 02:37:06.908] [main/TRACE] [net.neoforged.fml.loading.FMLConfig/CORE]: FMLConfig earlyWindowMaximized is false
[06Jan2025 02:37:06.908] [main/TRACE] [net.neoforged.fml.loading.FMLConfig/CORE]: FMLConfig earlyWindowSkipGLVersions is []
[06Jan2025 02:37:06.908] [main/TRACE] [net.neoforged.fml.loading.FMLConfig/CORE]: FMLConfig earlyWindowSquir is false
[06Jan2025 02:37:06.915] [main/DEBUG] [cpw.mods.modlauncher.TransformationServicesHandler/MODLAUNCHER]: Found additional transformation services from discovery services: 
[06Jan2025 02:37:06.924] [main/INFO] [net.neoforged.fml.loading.ImmediateWindowHandler/]: ImmediateWindowProvider not loading because launch target is neoforgeserver
[06Jan2025 02:37:06.938] [main/DEBUG] [cpw.mods.modlauncher.TransformationServicesHandler/MODLAUNCHER]: Found transformer services : [mixin,fml]
[06Jan2025 02:37:06.938] [main/DEBUG] [cpw.mods.modlauncher.TransformationServicesHandler/MODLAUNCHER]: Transformation services loading
[06Jan2025 02:37:06.940] [main/DEBUG] [cpw.mods.modlauncher.TransformationServiceDecorator/MODLAUNCHER]: Loading service mixin
[06Jan2025 02:37:06.940] [main/DEBUG] [cpw.mods.modlauncher.TransformationServiceDecorator/MODLAUNCHER]: Loaded service mixin
[06Jan2025 02:37:06.940] [main/DEBUG] [cpw.mods.modlauncher.TransformationServiceDecorator/MODLAUNCHER]: Loading service fml
[06Jan2025 02:37:06.941] [main/DEBUG] [net.neoforged.fml.loading.FMLLoader/CORE]: FML 6.0.4 loading
[06Jan2025 02:37:06.941] [main/DEBUG] [net.neoforged.fml.loading.FMLLoader/CORE]: FML found ModLauncher version : 11.0.4+main.d2e20e43
[06Jan2025 02:37:06.941] [main/DEBUG] [net.neoforged.fml.loading.FMLLoader/CORE]: FML found AccessTransformer version : 11.0.1+8274f92c
[06Jan2025 02:37:06.942] [main/DEBUG] [net.neoforged.fml.loading.FMLLoader/CORE]: FML found EventBus version : null
[06Jan2025 02:37:06.942] [main/DEBUG] [net.neoforged.fml.loading.FMLLoader/CORE]: Found Runtime Dist Cleaner
[06Jan2025 02:37:06.943] [main/DEBUG] [cpw.mods.modlauncher.TransformationServiceDecorator/MODLAUNCHER]: Loaded service fml
[06Jan2025 02:37:06.944] [main/DEBUG] [cpw.mods.modlauncher.TransformationServicesHandler/MODLAUNCHER]: Configuring option handling for services
[06Jan2025 02:37:06.983] [main/DEBUG] [net.neoforged.fml.loading.FMLServiceProvider/CORE]: Received command line version data  : VersionInfo[neoForgeVersion=21.4.48-beta, fmlVersion=6.0.4, mcVersion=1.21.4, neoFormVersion=20241203.161809]
[06Jan2025 02:37:06.984] [main/DEBUG] [cpw.mods.modlauncher.TransformationServicesHandler/MODLAUNCHER]: Transformation services initializing
[06Jan2025 02:37:06.984] [main/DEBUG] [cpw.mods.modlauncher.TransformationServiceDecorator/MODLAUNCHER]: Initializing transformation service mixin
[06Jan2025 02:37:07.009] [main/DEBUG] [mixin/]: MixinService [ModLauncher] was successfully booted in cpw.mods.cl.ModuleClassLoader@5f2108b5
[06Jan2025 02:37:07.023] [main/INFO] [mixin/]: SpongePowered MIXIN Subsystem Version=0.8.7 Source=union:/workspaces/Prueba/servidor_minecraft/libraries/net/fabricmc/sponge-mixin/0.15.2+mixin.0.8.7/sponge-mixin-0.15.2+mixin.0.8.7.jar%2385!/ Service=ModLauncher Env=SERVER
[06Jan2025 02:37:07.026] [main/DEBUG] [mixin/]: Initialising Mixin Platform Manager
[06Jan2025 02:37:07.027] [main/DEBUG] [mixin/]: Adding mixin platform agents for container ModLauncher Root Container(ModLauncher:4f56a0a2)
[06Jan2025 02:37:07.027] [main/DEBUG] [mixin/]: Instancing new MixinPlatformAgentMinecraftForge for ModLauncher Root Container(ModLauncher:4f56a0a2)
[06Jan2025 02:37:07.028] [main/DEBUG] [mixin/]: MixinPlatformAgentMinecraftForge rejected container ModLauncher Root Container(ModLauncher:4f56a0a2)
[06Jan2025 02:37:07.029] [main/DEBUG] [mixin/]: Instancing new MixinPlatformAgentDefault for ModLauncher Root Container(ModLauncher:4f56a0a2)
[06Jan2025 02:37:07.029] [main/DEBUG] [mixin/]: MixinPlatformAgentDefault accepted container ModLauncher Root Container(ModLauncher:4f56a0a2)
[06Jan2025 02:37:07.032] [main/DEBUG] [cpw.mods.modlauncher.TransformationServiceDecorator/MODLAUNCHER]: Initialized transformation service mixin
[06Jan2025 02:37:07.032] [main/DEBUG] [cpw.mods.modlauncher.TransformationServiceDecorator/MODLAUNCHER]: Initializing transformation service fml
[06Jan2025 02:37:07.032] [main/DEBUG] [net.neoforged.fml.loading.FMLServiceProvider/CORE]: Setting up basic FML game directories
[06Jan2025 02:37:07.034] [main/DEBUG] [net.neoforged.fml.loading.FMLPaths/CORE]: Path GAMEDIR is /workspaces/Prueba/servidor_minecraft
[06Jan2025 02:37:07.034] [main/DEBUG] [net.neoforged.fml.loading.FMLPaths/CORE]: Path MODSDIR is /workspaces/Prueba/servidor_minecraft/mods
[06Jan2025 02:37:07.035] [main/DEBUG] [net.neoforged.fml.loading.FMLPaths/CORE]: Path CONFIGDIR is /workspaces/Prueba/servidor_minecraft/config
[06Jan2025 02:37:07.035] [main/DEBUG] [net.neoforged.fml.loading.FMLPaths/CORE]: Path FMLCONFIG is /workspaces/Prueba/servidor_minecraft/config/fml.toml
[06Jan2025 02:37:07.036] [main/DEBUG] [net.neoforged.fml.loading.FMLServiceProvider/CORE]: Loading configuration
[06Jan2025 02:37:07.042] [main/TRACE] [net.neoforged.fml.loading.FMLConfig/CORE]: Loaded FML config from /workspaces/Prueba/servidor_minecraft/config/fml.toml
[06Jan2025 02:37:07.042] [main/TRACE] [net.neoforged.fml.loading.FMLConfig/CORE]: FMLConfig disableConfigWatcher is false
[06Jan2025 02:37:07.042] [main/TRACE] [net.neoforged.fml.loading.FMLConfig/CORE]: FMLConfig earlyWindowControl is true
[06Jan2025 02:37:07.042] [main/TRACE] [net.neoforged.fml.loading.FMLConfig/CORE]: FMLConfig maxThreads is 2
[06Jan2025 02:37:07.043] [main/TRACE] [net.neoforged.fml.loading.FMLConfig/CORE]: FMLConfig versionCheck is true
[06Jan2025 02:37:07.043] [main/TRACE] [net.neoforged.fml.loading.FMLConfig/CORE]: FMLConfig defaultConfigPath is defaultconfigs
[06Jan2025 02:37:07.043] [main/TRACE] [net.neoforged.fml.loading.FMLConfig/CORE]: FMLConfig disableOptimizedDFU is true
[06Jan2025 02:37:07.043] [main/TRACE] [net.neoforged.fml.loading.FMLConfig/CORE]: FMLConfig earlyWindowProvider is fmlearlywindow
[06Jan2025 02:37:07.044] [main/TRACE] [net.neoforged.fml.loading.FMLConfig/CORE]: FMLConfig earlyWindowWidth is 854
[06Jan2025 02:37:07.044] [main/TRACE] [net.neoforged.fml.loading.FMLConfig/CORE]: FMLConfig earlyWindowHeight is 480
[06Jan2025 02:37:07.044] [main/TRACE] [net.neoforged.fml.loading.FMLConfig/CORE]: FMLConfig earlyWindowFBScale is 1
[06Jan2025 02:37:07.044] [main/TRACE] [net.neoforged.fml.loading.FMLConfig/CORE]: FMLConfig earlyWindowMaximized is false
[06Jan2025 02:37:07.044] [main/TRACE] [net.neoforged.fml.loading.FMLConfig/CORE]: FMLConfig earlyWindowSkipGLVersions is []
[06Jan2025 02:37:07.046] [main/TRACE] [net.neoforged.fml.loading.FMLConfig/CORE]: FMLConfig earlyWindowSquir is false
[06Jan2025 02:37:07.049] [main/DEBUG] [net.neoforged.fml.loading.LaunchContext/SCAN]: Located paths when launch context was created: [/workspaces/Prueba/servidor_minecraft/libraries/org/apache/logging/log4j/log4j-api/2.24.1/log4j-api-2.24.1.jar, /workspaces/Prueba/servidor_minecraft/libraries/io/netty/netty-transport-native-unix-common/4.1.115.Final/netty-transport-native-unix-common-4.1.115.Final.jar, /workspaces/Prueba/servidor_minecraft/libraries/net/neoforged/JarJarMetadata/0.4.1/JarJarMetadata-0.4.1.jar, /workspaces/Prueba/servidor_minecraft/libraries/org/slf4j/slf4j-api/2.0.16/slf4j-api-2.0.16.jar, /workspaces/Prueba/servidor_minecraft/libraries/com/fasterxml/jackson/core/jackson-core/2.13.4/jackson-core-2.13.4.jar, /workspaces/Prueba/servidor_minecraft/libraries/net/neoforged/coremods/7.0.3/coremods-7.0.3.jar, /workspaces/Prueba/servidor_minecraft/libraries/net/neoforged/accesstransformers/11.0.1/accesstransformers-11.0.1.jar, /workspaces/Prueba/servidor_minecraft/libraries/com/fasterxml/jackson/core/jackson-annotations/2.13.4/jackson-annotations-2.13.4.jar, /workspaces/Prueba/servidor_minecraft/libraries/net/neoforged/fancymodloader/loader/6.0.4/loader-6.0.4.jar, /workspaces/Prueba/servidor_minecraft/libraries/net/neoforged/mergetool/2.0.0/mergetool-2.0.0-api.jar, /workspaces/Prueba/servidor_minecraft/libraries/net/minecraftforge/srgutils/0.4.15/srgutils-0.4.15.jar, /workspaces/Prueba/servidor_minecraft/libraries/net/neoforged/accesstransformers/at-parser/11.0.1/at-parser-11.0.1.jar, /workspaces/Prueba/servidor_minecraft/libraries/net/neoforged/fancymodloader/earlydisplay/6.0.4/earlydisplay-6.0.4.jar, /workspaces/Prueba/servidor_minecraft/libraries/com/mojang/logging/1.5.10/logging-1.5.10.jar, /workspaces/Prueba/servidor_minecraft/libraries/cpw/mods/modlauncher/11.0.4/modlauncher-11.0.4.jar, /workspaces/Prueba/servidor_minecraft/libraries/org/lz4/lz4-java/1.8.0/lz4-java-1.8.0.jar, /workspaces/Prueba/servidor_minecraft/libraries/org/checkerframework/checker-qual/3.43.0/checker-qual-3.43.0.jar, /workspaces/Prueba/servidor_minecraft/libraries/io/netty/netty-buffer/4.1.115.Final/netty-buffer-4.1.115.Final.jar, /workspaces/Prueba/servidor_minecraft/libraries/com/google/code/findbugs/jsr305/3.0.2/jsr305-3.0.2.jar, /workspaces/Prueba/servidor_minecraft/libraries/org/apache/maven/maven-artifact/3.8.5/maven-artifact-3.8.5.jar, /workspaces/Prueba/servidor_minecraft/libraries/com/nimbusds/oauth2-oidc-sdk/11.18/oauth2-oidc-sdk-11.18.jar, /workspaces/Prueba/servidor_minecraft/libraries/org/openjdk/nashorn/nashorn-core/15.4/nashorn-core-15.4.jar, /workspaces/Prueba/servidor_minecraft/libraries/com/google/errorprone/error_prone_annotations/2.28.0/error_prone_annotations-2.28.0.jar, /workspaces/Prueba/servidor_minecraft/libraries/org/apache/commons/commons-lang3/3.17.0/commons-lang3-3.17.0.jar, /workspaces/Prueba/servidor_minecraft/libraries/io/netty/netty-transport-native-epoll/4.1.115.Final/netty-transport-native-epoll-4.1.115.Final-linux-x86_64.jar, /workspaces/Prueba/servidor_minecraft/libraries/com/google/j2objc/j2objc-annotations/3.0.0/j2objc-annotations-3.0.0.jar, /workspaces/Prueba/servidor_minecraft/libraries/io/netty/netty-transport/4.1.115.Final/netty-transport-4.1.115.Final.jar, /workspaces/Prueba/servidor_minecraft/libraries/com/google/guava/failureaccess/1.0.2/failureaccess-1.0.2.jar, /workspaces/Prueba/servidor_minecraft/libraries/com/google/guava/listenablefuture/9999.0-empty-to-avoid-conflict-with-guava/listenablefuture-9999.0-empty-to-avoid-conflict-with-guava.jar, /workspaces/Prueba/servidor_minecraft/libraries/com/github/oshi/oshi-core/6.6.5/oshi-core-6.6.5.jar, /workspaces/Prueba/servidor_minecraft/libraries/net/java/dev/jna/jna-platform/5.15.0/jna-platform-5.15.0.jar, /workspaces/Prueba/servidor_minecraft/libraries/com/fasterxml/jackson/core/jackson-databind/2.13.4.2/jackson-databind-2.13.4.2.jar, /workspaces/Prueba/servidor_minecraft/libraries/com/github/stephenc/jcip/jcip-annotations/1.0-1/jcip-annotations-1.0-1.jar, /workspaces/Prueba/servidor_minecraft/libraries/io/netty/netty-resolver/4.1.115.Final/netty-resolver-4.1.115.Final.jar, /workspaces/Prueba/servidor_minecraft/libraries/net/neoforged/bus/8.0.2/bus-8.0.2.jar, /workspaces/Prueba/servidor_minecraft/libraries/net/jodah/typetools/0.6.3/typetools-0.6.3.jar, /workspaces/Prueba/servidor_minecraft/libraries/net/minidev/json-smart/2.5.1/json-smart-2.5.1.jar, /workspaces/Prueba/servidor_minecraft/libraries/io/netty/netty-transport-native-epoll/4.1.115.Final/netty-transport-native-epoll-4.1.115.Final-linux-aarch_64.jar, /workspaces/Prueba/servidor_minecraft/libraries/org/jline/jline-terminal/3.20.0/jline-terminal-3.20.0.jar, /workspaces/Prueba/servidor_minecraft/libraries/com/google/code/gson/gson/2.11.0/gson-2.11.0.jar, /workspaces/Prueba/servidor_minecraft/libraries/org/joml/joml/1.10.8/joml-1.10.8.jar, /workspaces/Prueba/servidor_minecraft/libraries/org/codehaus/plexus/plexus-utils/3.3.0/plexus-utils-3.3.0.jar, /workspaces/Prueba/servidor_minecraft/libraries/com/machinezoo/noexception/noexception/1.7.1/noexception-1.7.1.jar, /workspaces/Prueba/servidor_minecraft/libraries/io/netty/netty-transport-classes-epoll/4.1.115.Final/netty-transport-classes-epoll-4.1.115.Final.jar, /workspaces/Prueba/servidor_minecraft/libraries/net/minidev/accessors-smart/2.5.1/accessors-smart-2.5.1.jar, /workspaces/Prueba/servidor_minecraft/libraries/com/mojang/brigadier/1.3.10/brigadier-1.3.10.jar, /workspaces/Prueba/servidor_minecraft/libraries/io/netty/netty-handler/4.1.115.Final/netty-handler-4.1.115.Final.jar, /workspaces/Prueba/servidor_minecraft/libraries/net/fabricmc/sponge-mixin/0.15.2+mixin.0.8.7/sponge-mixin-0.15.2+mixin.0.8.7.jar, /workspaces/Prueba/servidor_minecraft/libraries/com/mojang/jtracy/1.0.29/jtracy-1.0.29.jar, /workspaces/Prueba/servidor_minecraft/libraries/com/electronwill/night-config/toml/3.8.0/toml-3.8.0.jar, /workspaces/Prueba/servidor_minecraft/libraries/com/nimbusds/lang-tag/1.7/lang-tag-1.7.jar, /workspaces/Prueba/servidor_minecraft/libraries/it/unimi/dsi/fastutil/8.5.15/fastutil-8.5.15.jar, /workspaces/Prueba/servidor_minecraft/libraries/net/neoforged/JarJarSelector/0.4.1/JarJarSelector-0.4.1.jar, /workspaces/Prueba/servidor_minecraft/libraries/io/netty/netty-common/4.1.115.Final/netty-common-4.1.115.Final.jar, /workspaces/Prueba/servidor_minecraft/libraries/org/apache/logging/log4j/log4j-slf4j2-impl/2.24.1/log4j-slf4j2-impl-2.24.1.jar, /workspaces/Prueba/servidor_minecraft/libraries/com/electronwill/night-config/core/3.8.0/core-3.8.0.jar, /workspaces/Prueba/servidor_minecraft/libraries/com/nimbusds/content-type/2.3/content-type-2.3.jar, /workspaces/Prueba/servidor_minecraft/libraries/commons-io/commons-io/2.17.0/commons-io-2.17.0.jar, /workspaces/Prueba/servidor_minecraft/libraries/net/neoforged/accesstransformers/at-modlauncher/11.0.1/at-modlauncher-11.0.1.jar, /workspaces/Prueba/servidor_minecraft/libraries/com/microsoft/azure/msal4j/1.17.2/msal4j-1.17.2.jar, /workspaces/Prueba/servidor_minecraft/libraries/org/apache/logging/log4j/log4j-core/2.24.1/log4j-core-2.24.1.jar, /workspaces/Prueba/servidor_minecraft/libraries/com/mojang/authlib/6.0.57/authlib-6.0.57.jar, /workspaces/Prueba/servidor_minecraft/libraries/com/google/guava/guava/33.3.1-jre/guava-33.3.1-jre.jar, /workspaces/Prueba/servidor_minecraft/libraries/net/sf/jopt-simple/jopt-simple/5.0.4/jopt-simple-5.0.4.jar, /workspaces/Prueba/servidor_minecraft/libraries/net/java/dev/jna/jna/5.15.0/jna-5.15.0.jar, /workspaces/Prueba/servidor_minecraft/libraries/io/netty/netty-codec/4.1.115.Final/netty-codec-4.1.115.Final.jar, /workspaces/Prueba/servidor_minecraft/libraries/net/minecrell/terminalconsoleappender/1.3.0/terminalconsoleappender-1.3.0.jar, /workspaces/Prueba/servidor_minecraft/libraries/org/jline/jline-reader/3.20.0/jline-reader-3.20.0.jar, /workspaces/Prueba/servidor_minecraft/libraries/com/nimbusds/nimbus-jose-jwt/9.40/nimbus-jose-jwt-9.40.jar, /workspaces/Prueba/servidor_minecraft/libraries/com/mojang/datafixerupper/8.0.16/datafixerupper-8.0.16.jar]
[06Jan2025 02:37:07.049] [main/DEBUG] [net.neoforged.fml.loading.FMLServiceProvider/CORE]: Preparing launch handler
[06Jan2025 02:37:07.050] [main/DEBUG] [net.neoforged.fml.loading.FMLLoader/CORE]: Using neoforgeserver as launch service
[06Jan2025 02:37:07.051] [main/DEBUG] [net.neoforged.fml.common.asm.RuntimeDistCleaner/DISTXFORM]: Configuring for Dist DEDICATED_SERVER
[06Jan2025 02:37:07.053] [main/DEBUG] [cpw.mods.modlauncher.TransformationServiceDecorator/MODLAUNCHER]: Initialized transformation service fml
[06Jan2025 02:37:07.053] [main/DEBUG] [cpw.mods.modlauncher.TransformationServicesHandler/MODLAUNCHER]: Transformation services begin scanning
[06Jan2025 02:37:07.053] [main/DEBUG] [cpw.mods.modlauncher.TransformationServiceDecorator/MODLAUNCHER]: Beginning scan trigger - transformation service mixin
[06Jan2025 02:37:07.054] [main/DEBUG] [cpw.mods.modlauncher.TransformationServiceDecorator/MODLAUNCHER]: End scan trigger - transformation service mixin
[06Jan2025 02:37:07.054] [main/DEBUG] [cpw.mods.modlauncher.TransformationServiceDecorator/MODLAUNCHER]: Beginning scan trigger - transformation service fml
[06Jan2025 02:37:07.055] [main/DEBUG] [net.neoforged.fml.loading.FMLServiceProvider/CORE]: Initiating mod scan
[06Jan2025 02:37:07.087] [main/DEBUG] [net.neoforged.fml.util.ServiceLoaderUtil/CORE]: Found 4 implementations of IModFileCandidateLocator:
[06Jan2025 02:37:07.089] [main/DEBUG] [net.neoforged.fml.util.ServiceLoaderUtil/CORE]: 	    1000 - [built-in] net.neoforged.fml.loading.moddiscovery.locators.ProductionServerProvider from loader-6.0.4.jar
[06Jan2025 02:37:07.096] [main/DEBUG] [net.neoforged.fml.util.ServiceLoaderUtil/CORE]: 	    1000 - [built-in] net.neoforged.fml.loading.moddiscovery.locators.PathBasedLocator from loader-6.0.4.jar
[06Jan2025 02:37:07.096] [main/DEBUG] [net.neoforged.fml.util.ServiceLoaderUtil/CORE]: 	       0 - net.neoforged.fml.loading.moddiscovery.locators.ModsFolderLocator from loader-6.0.4.jar
[06Jan2025 02:37:07.097] [main/DEBUG] [net.neoforged.fml.util.ServiceLoaderUtil/CORE]: 	       0 - net.neoforged.fml.loading.moddiscovery.locators.MavenDirectoryLocator from loader-6.0.4.jar
[06Jan2025 02:37:07.102] [main/DEBUG] [net.neoforged.fml.util.ServiceLoaderUtil/CORE]: Found 2 implementations of IModFileReader:
[06Jan2025 02:37:07.102] [main/DEBUG] [net.neoforged.fml.util.ServiceLoaderUtil/CORE]: 	       0 - net.neoforged.fml.loading.moddiscovery.readers.JarModsDotTomlModFileReader from loader-6.0.4.jar
[06Jan2025 02:37:07.103] [main/DEBUG] [net.neoforged.fml.util.ServiceLoaderUtil/CORE]: 	   -1000 - net.neoforged.fml.loading.moddiscovery.readers.NestedLibraryModReader from loader-6.0.4.jar
[06Jan2025 02:37:07.104] [main/DEBUG] [net.neoforged.fml.util.ServiceLoaderUtil/CORE]: Found 1 implementations of IDependencyLocator:
[06Jan2025 02:37:07.104] [main/DEBUG] [net.neoforged.fml.util.ServiceLoaderUtil/CORE]: 	       0 - net.neoforged.fml.loading.moddiscovery.locators.JarInJarDependencyLocator from loader-6.0.4.jar
[06Jan2025 02:37:07.105] [main/DEBUG] [net.neoforged.fml.loading.moddiscovery.ModDiscoverer/SCAN]: Scanning for mods and other resources to load. We know 4 ways to find mods
[06Jan2025 02:37:07.105] [main/DEBUG] [net.neoforged.fml.loading.moddiscovery.ModDiscoverer/SCAN]: Trying locator production server provider +net.neoforged:neoforge:21.4.48-beta:server
[06Jan2025 02:37:07.855] [main/DEBUG] [net.neoforged.fml.loading.moddiscovery.ModFileInfo/LOADING]: Found valid mod file server-1.21.4-20241203.161809-srg.jar with {minecraft} mods - versions {1.21.4}
[06Jan2025 02:37:07.856] [main/INFO] [net.neoforged.fml.loading.moddiscovery.ModDiscoverer/SCAN]: Found mod file "server-1.21.4-20241203.161809-srg.jar" [locator: production server provider +net.neoforged:neoforge:21.4.48-beta:server]
[06Jan2025 02:37:07.856] [main/DEBUG] [net.neoforged.fml.loading.moddiscovery.ModDiscoverer/SCAN]: Locator production server provider +net.neoforged:neoforge:21.4.48-beta:server found 1 mods, 0 warnings, 0 errors and skipped 0 candidates
[06Jan2025 02:37:07.858] [main/DEBUG] [net.neoforged.fml.loading.moddiscovery.ModDiscoverer/SCAN]: Trying locator PathBasedLocator[name=neoforge, paths=[libraries/net/neoforged/neoforge/21.4.48-beta/neoforge-21.4.48-beta-universal.jar]]
[06Jan2025 02:37:07.899] [main/DEBUG] [net.neoforged.fml.loading.moddiscovery.readers.JarModsDotTomlModFileReader/SCAN]: Found META-INF/neoforge.mods.toml mod of type null: /workspaces/Prueba/servidor_minecraft/libraries/net/neoforged/neoforge/21.4.48-beta/neoforge-21.4.48-beta-universal.jar
[06Jan2025 02:37:07.900] [main/DEBUG] [net.neoforged.fml.loading.moddiscovery.ModFileParser/LOADING]: Considering mod file candidate /workspaces/Prueba/servidor_minecraft/libraries/net/neoforged/neoforge/21.4.48-beta/neoforge-21.4.48-beta-universal.jar
[06Jan2025 02:37:07.932] [main/DEBUG] [net.neoforged.fml.loading.moddiscovery.ModFileInfo/LOADING]: Found valid mod file neoforge-21.4.48-beta-universal.jar with {neoforge} mods - versions {21.4.48-beta}
[06Jan2025 02:37:07.933] [main/INFO] [net.neoforged.fml.loading.moddiscovery.ModDiscoverer/SCAN]: Found mod file "neoforge-21.4.48-beta-universal.jar" [locator: PathBasedLocator[name=neoforge, paths=[libraries/net/neoforged/neoforge/21.4.48-beta/neoforge-21.4.48-beta-universal.jar]], reader: mod manifest]
[06Jan2025 02:37:07.935] [main/DEBUG] [net.neoforged.fml.loading.moddiscovery.ModDiscoverer/SCAN]: Locator PathBasedLocator[name=neoforge, paths=[libraries/net/neoforged/neoforge/21.4.48-beta/neoforge-21.4.48-beta-universal.jar]] found 1 mods, 0 warnings, 0 errors and skipped 0 candidates
[06Jan2025 02:37:07.935] [main/DEBUG] [net.neoforged.fml.loading.moddiscovery.ModDiscoverer/SCAN]: Trying locator {mods folder locator at /workspaces/Prueba/servidor_minecraft/mods}
[06Jan2025 02:37:07.935] [main/DEBUG] [net.neoforged.fml.loading.moddiscovery.locators.ModsFolderLocator/SCAN]: Scanning mods dir /workspaces/Prueba/servidor_minecraft/mods for mods
[06Jan2025 02:37:07.937] [main/DEBUG] [net.neoforged.fml.loading.moddiscovery.ModDiscoverer/SCAN]: Locator {mods folder locator at /workspaces/Prueba/servidor_minecraft/mods} found 0 mods, 0 warnings, 0 errors and skipped 0 candidates
[06Jan2025 02:37:07.938] [main/DEBUG] [net.neoforged.fml.loading.moddiscovery.ModDiscoverer/SCAN]: Trying locator maven libs
[06Jan2025 02:37:07.948] [main/DEBUG] [net.neoforged.fml.loading.moddiscovery.ModListHandler/CORE]: Found mod coordinates from lists: []
[06Jan2025 02:37:07.948] [main/DEBUG] [net.neoforged.fml.loading.moddiscovery.ModDiscoverer/SCAN]: Locator maven libs found 0 mods, 0 warnings, 0 errors and skipped 0 candidates
[06Jan2025 02:37:07.958] [main/DEBUG] [net.neoforged.fml.loading.moddiscovery.ModDiscoverer/SCAN]: Successfully Loaded 2 mods. Attempting to load dependencies...
[06Jan2025 02:37:07.959] [main/DEBUG] [net.neoforged.fml.loading.moddiscovery.ModDiscoverer/SCAN]: Trying locator jarinjar
[06Jan2025 02:37:07.965] [main/TRACE] [net.neoforged.fml.loading.moddiscovery.locators.JarInJarDependencyLocator/]: Failed to load resource META-INF/jarjar/metadata.json from server-1.21.4-20241203.161809-srg.jar, it does not contain dependency information.
[06Jan2025 02:37:08.133] [main/DEBUG] [net.neoforged.fml.loading.moddiscovery.readers.JarModsDotTomlModFileReader/SCAN]: Found META-INF/MANIFEST.MF mod of type GAMELIBRARY: 
[06Jan2025 02:37:08.141] [main/DEBUG] [net.neoforged.fml.loading.moddiscovery.readers.JarModsDotTomlModFileReader/SCAN]: Found META-INF/MANIFEST.MF mod of type LIBRARY: 
[06Jan2025 02:37:08.142] [main/TRACE] [net.neoforged.fml.loading.moddiscovery.locators.JarInJarDependencyLocator/]: Failed to load resource META-INF/jarjar/metadata.json from mixinextras-neoforge-0.4.1.jar, it does not contain dependency information.
[06Jan2025 02:37:08.143] [main/TRACE] [net.neoforged.fml.loading.moddiscovery.locators.JarInJarDependencyLocator/]: Failed to load resource META-INF/jarjar/metadata.json from net.neoforged.neoforge-coremods-21.4.48-beta.jar, it does not contain dependency information.
[06Jan2025 02:37:08.190] [main/DEBUG] [net.neoforged.fml.loading.moddiscovery.readers.JarModsDotTomlModFileReader/SCAN]: Found META-INF/MANIFEST.MF mod of type LIBRARY: 
[06Jan2025 02:37:08.194] [main/DEBUG] [net.neoforged.fml.loading.moddiscovery.readers.JarModsDotTomlModFileReader/SCAN]: Found META-INF/MANIFEST.MF mod of type GAMELIBRARY: 
[06Jan2025 02:37:08.195] [main/INFO] [net.neoforged.fml.loading.moddiscovery.locators.JarInJarDependencyLocator/]: Found 2 dependencies adding them to mods collection
[06Jan2025 02:37:08.196] [main/INFO] [net.neoforged.fml.loading.moddiscovery.ModDiscoverer/SCAN]: Found gamelibrary file "mixinextras-neoforge-0.4.1.jar" [parent: neoforge-21.4.48-beta-universal.jar, locator: jarinjar, reader: mod manifest]
[06Jan2025 02:37:08.196] [main/INFO] [net.neoforged.fml.loading.moddiscovery.ModDiscoverer/SCAN]: Found library file "net.neoforged.neoforge-coremods-21.4.48-beta.jar" [parent: neoforge-21.4.48-beta-universal.jar, locator: jarinjar, reader: mod manifest]
[06Jan2025 02:37:08.198] [main/INFO] [net.neoforged.fml.loading.moddiscovery.ModDiscoverer/]: 
     Mod List:
		Name Version (Mod Id)

		Minecraft 1.21.4 (minecraft)
		NeoForge 21.4.48-beta (neoforge)
[06Jan2025 02:37:08.199] [main/DEBUG] [net.neoforged.fml.loading.moddiscovery.ModFileInfo/LOADING]: Found valid mod file server-1.21.4-20241203.161809-srg.jar with {minecraft} mods - versions {1.21.4}
[06Jan2025 02:37:08.200] [main/DEBUG] [net.neoforged.fml.loading.moddiscovery.ModFile/LOADING]: Loading mod file /workspaces/Prueba/servidor_minecraft/libraries/net/minecraft/server/1.21.4-20241203.161809/server-1.21.4-20241203.161809-srg.jar with languages [LanguageSpec[languageName=minecraft, acceptedVersions=1]]
[06Jan2025 02:37:08.201] [main/DEBUG] [net.neoforged.fml.loading.moddiscovery.ModFileParser/LOADING]: Considering mod file candidate /workspaces/Prueba/servidor_minecraft/libraries/net/neoforged/neoforge/21.4.48-beta/neoforge-21.4.48-beta-universal.jar
[06Jan2025 02:37:08.207] [main/DEBUG] [net.neoforged.fml.loading.moddiscovery.ModFileInfo/LOADING]: Found valid mod file neoforge-21.4.48-beta-universal.jar with {neoforge} mods - versions {21.4.48-beta}
[06Jan2025 02:37:08.207] [main/DEBUG] [net.neoforged.fml.loading.moddiscovery.ModFile/LOADING]: Loading mod file /workspaces/Prueba/servidor_minecraft/libraries/net/neoforged/neoforge/21.4.48-beta/neoforge-21.4.48-beta-universal.jar with languages [LanguageSpec[languageName=javafml, acceptedVersions=[3,]]]
[06Jan2025 02:37:08.208] [main/DEBUG] [net.neoforged.fml.loading.moddiscovery.ModFile/LOADING]: Found mixin config neoforge.mixins.json
[06Jan2025 02:37:08.209] [main/DEBUG] [net.neoforged.fml.loading.moddiscovery.ModFile/LOADING]: Loading mod file  with languages []
[06Jan2025 02:37:08.212] [main/DEBUG] [net.neoforged.fml.loading.moddiscovery.ModValidator/SCAN]: Found 3 mod files with 2 mods
[06Jan2025 02:37:08.214] [main/DEBUG] [cpw.mods.modlauncher.TransformationServiceDecorator/MODLAUNCHER]: End scan trigger - transformation service fml
[06Jan2025 02:37:08.236] [main/DEBUG] [net.neoforged.fml.util.ServiceLoaderUtil/CORE]: Found 3 implementations of IModLanguageLoader:
[06Jan2025 02:37:08.238] [main/DEBUG] [net.neoforged.fml.util.ServiceLoaderUtil/CORE]: 	net.neoforged.fml.javafmlmod.FMLJavaModLanguageProvider from loader-6.0.4.jar
[06Jan2025 02:37:08.238] [main/DEBUG] [net.neoforged.fml.util.ServiceLoaderUtil/CORE]: 	net.neoforged.fml.lowcodemod.LowCodeModLanguageProvider from loader-6.0.4.jar
[06Jan2025 02:37:08.238] [main/DEBUG] [net.neoforged.fml.util.ServiceLoaderUtil/CORE]: 	net.neoforged.fml.mclanguageprovider.MinecraftModLanguageProvider from loader-6.0.4.jar
[06Jan2025 02:37:08.239] [main/DEBUG] [net.neoforged.fml.loading.LanguageProviderLoader/CORE]: Found language provider javafml, version 6.0.4
[06Jan2025 02:37:08.240] [main/DEBUG] [net.neoforged.fml.loading.LanguageProviderLoader/CORE]: Found language provider lowcodefml, version 6.0.4
[06Jan2025 02:37:08.240] [main/DEBUG] [net.neoforged.fml.loading.LanguageProviderLoader/CORE]: Found language provider minecraft, version 6.0.4
[06Jan2025 02:37:08.248] [main/DEBUG] [net.neoforged.fml.loading.ModSorter/]: Configured system mods: [minecraft, neoforge]
[06Jan2025 02:37:08.248] [main/DEBUG] [net.neoforged.fml.loading.ModSorter/]: Found system mod: minecraft
[06Jan2025 02:37:08.248] [main/DEBUG] [net.neoforged.fml.loading.ModSorter/]: Found system mod: neoforge
[06Jan2025 02:37:08.250] [main/DEBUG] [net.neoforged.fml.loading.ModSorter/LOADING]: Found 0 mod requirements (0 mandatory, 0 optional)
[06Jan2025 02:37:08.251] [main/DEBUG] [net.neoforged.fml.loading.ModSorter/LOADING]: Found 0 mod requirements missing (0 mandatory, 0 optional)
[06Jan2025 02:37:08.269] [main/DEBUG] [net.neoforged.fml.loading.FMLLoader/SCAN]: Adding Access Transformer in /workspaces/Prueba/servidor_minecraft/libraries/net/neoforged/neoforge/21.4.48-beta/neoforge-21.4.48-beta-universal.jar
[06Jan2025 02:37:08.306] [main/DEBUG] [AXFORM/AXFORM]: Loaded access transformer /META-INF/accesstransformer.cfg
[06Jan2025 02:37:08.307] [main/DEBUG] [net.neoforged.fml.loading.FMLLoader/SCAN]: Adding Access Transformer in /workspaces/Prueba/servidor_minecraft/libraries/net/neoforged/neoforge/21.4.48-beta/neoforge-21.4.48-beta-universal.jar
[06Jan2025 02:37:08.334] [main/DEBUG] [AXFORM/AXFORM]: Loaded access transformer /META-INF/accesstransformergenerated.cfg
[06Jan2025 02:37:08.338] [main/DEBUG] [mixin/]: Adding mixin platform agents for container net.neoforged.fml.loading.mixin.FMLMixinContainerHandle@6c000e0c
[06Jan2025 02:37:08.340] [main/DEBUG] [mixin/]: Instancing new MixinPlatformAgentMinecraftForge for net.neoforged.fml.loading.mixin.FMLMixinContainerHandle@6c000e0c
[06Jan2025 02:37:08.340] [main/DEBUG] [mixin/]: MixinPlatformAgentMinecraftForge rejected container net.neoforged.fml.loading.mixin.FMLMixinContainerHandle@6c000e0c
[06Jan2025 02:37:08.340] [main/DEBUG] [mixin/]: Instancing new MixinPlatformAgentDefault for net.neoforged.fml.loading.mixin.FMLMixinContainerHandle@6c000e0c
[06Jan2025 02:37:08.341] [main/DEBUG] [mixin/]: MixinPlatformAgentDefault accepted container net.neoforged.fml.loading.mixin.FMLMixinContainerHandle@6c000e0c
[06Jan2025 02:37:08.341] [main/DEBUG] [mixin/]: Instancing new FMLMixinPlatformAgent for net.neoforged.fml.loading.mixin.FMLMixinContainerHandle@6c000e0c
[06Jan2025 02:37:08.341] [main/DEBUG] [mixin/]: FMLMixinPlatformAgent accepted container net.neoforged.fml.loading.mixin.FMLMixinContainerHandle@6c000e0c
[06Jan2025 02:37:08.351] [main/DEBUG] [cpw.mods.modlauncher.TransformationServicesHandler/MODLAUNCHER]: Transformation services loading transformers
[06Jan2025 02:37:08.351] [main/DEBUG] [cpw.mods.modlauncher.TransformationServiceDecorator/MODLAUNCHER]: Initializing transformers for transformation service mixin
[06Jan2025 02:37:08.352] [main/DEBUG] [cpw.mods.modlauncher.TransformationServiceDecorator/MODLAUNCHER]: Initialized transformers for transformation service mixin
[06Jan2025 02:37:08.352] [main/DEBUG] [cpw.mods.modlauncher.TransformationServiceDecorator/MODLAUNCHER]: Initializing transformers for transformation service fml
[06Jan2025 02:37:08.352] [main/DEBUG] [net.neoforged.fml.loading.FMLServiceProvider/LOADING]: Loading coremod transformers
[06Jan2025 02:37:08.353] [main/DEBUG] [net.neoforged.fml.loading.FMLServiceProvider/CORE]: Not loading coremod script-engine since no mod requested it
[06Jan2025 02:37:08.353] [main/DEBUG] [net.neoforged.fml.util.ServiceLoaderUtil/CORE]: Found 1 implementations of ICoreMod:
[06Jan2025 02:37:08.354] [main/DEBUG] [net.neoforged.fml.util.ServiceLoaderUtil/CORE]: 	net.neoforged.neoforge.coremods.NeoForgeCoreMod from neoforge-21.4.48-beta-universal.jar > net.neoforged.neoforge-coremods-21.4.48-beta.jar
[06Jan2025 02:37:08.358] [main/DEBUG] [net.neoforged.fml.loading.FMLServiceProvider/CORE]: Adding [Target[className=net.minecraft.world.level.biome.Biome, elementName=, elementDescriptor=, targetType=cpw.mods.modlauncher.api.TargetType@3e6f3f28]] transformer from core-mod net.neoforged.neoforge.coremods.NeoForgeCoreMod@46044faa in neoforge-21.4.48-beta-universal.jar > net.neoforged.neoforge-coremods-21.4.48-beta.jar
[06Jan2025 02:37:08.361] [main/DEBUG] [net.neoforged.fml.loading.FMLServiceProvider/CORE]: Adding [Target[className=net.minecraft.world.level.levelgen.structure.Structure, elementName=, elementDescriptor=, targetType=cpw.mods.modlauncher.api.TargetType@3e6f3f28]] transformer from core-mod net.neoforged.neoforge.coremods.NeoForgeCoreMod@46044faa in neoforge-21.4.48-beta-universal.jar > net.neoforged.neoforge-coremods-21.4.48-beta.jar
[06Jan2025 02:37:08.361] [main/DEBUG] [net.neoforged.fml.loading.FMLServiceProvider/CORE]: Adding [Target[className=net.minecraft.world.level.block.FlowerPotBlock, elementName=, elementDescriptor=, targetType=cpw.mods.modlauncher.api.TargetType@3e6f3f28]] transformer from core-mod net.neoforged.neoforge.coremods.NeoForgeCoreMod@46044faa in neoforge-21.4.48-beta-universal.jar > net.neoforged.neoforge-coremods-21.4.48-beta.jar
[06Jan2025 02:37:08.361] [main/DEBUG] [net.neoforged.fml.loading.FMLServiceProvider/CORE]: Adding [Target[className=net/minecraft/world/level/levelgen/structure/structures/WoodlandMansionPieces$WoodlandMansionPiece, elementName=, elementDescriptor=, targetType=cpw.mods.modlauncher.api.TargetType@3e6f3f28], Target[className=net/minecraft/server/commands/SummonCommand, elementName=, elementDescriptor=, targetType=cpw.mods.modlauncher.api.TargetType@3e6f3f28], Target[className=net/minecraft/world/level/levelgen/PhantomSpawner, elementName=, elementDescriptor=, targetType=cpw.mods.modlauncher.api.TargetType@3e6f3f28], Target[className=net/minecraft/world/entity/ai/village/VillageSiege, elementName=, elementDescriptor=, targetType=cpw.mods.modlauncher.api.TargetType@3e6f3f28], Target[className=net/minecraft/world/entity/npc/CatSpawner, elementName=, elementDescriptor=, targetType=cpw.mods.modlauncher.api.TargetType@3e6f3f28], Target[className=net/minecraft/world/entity/monster/Strider, elementName=, elementDescriptor=, targetType=cpw.mods.modlauncher.api.TargetType@3e6f3f28], Target[className=net/minecraft/world/level/levelgen/structure/templatesystem/StructureTemplate, elementName=, elementDescriptor=, targetType=cpw.mods.modlauncher.api.TargetType@3e6f3f28], Target[className=net/minecraft/world/entity/npc/Villager, elementName=, elementDescriptor=, targetType=cpw.mods.modlauncher.api.TargetType@3e6f3f28], Target[className=net/minecraft/world/level/levelgen/PatrolSpawner, elementName=, elementDescriptor=, targetType=cpw.mods.modlauncher.api.TargetType@3e6f3f28], Target[className=net/minecraft/world/level/levelgen/structure/structures/SwampHutPiece, elementName=, elementDescriptor=, targetType=cpw.mods.modlauncher.api.TargetType@3e6f3f28], Target[className=net/minecraft/world/level/levelgen/structure/structures/OceanRuinPieces$OceanRuinPiece, elementName=, elementDescriptor=, targetType=cpw.mods.modlauncher.api.TargetType@3e6f3f28], Target[className=net/minecraft/world/entity/monster/Evoker$EvokerSummonSpellGoal, elementName=, elementDescriptor=, targetType=cpw.mods.modlauncher.api.TargetType@3e6f3f28], Target[className=net/minecraft/world/level/levelgen/structure/structures/OceanMonumentPieces$OceanMonumentPiece, elementName=, elementDescriptor=, targetType=cpw.mods.modlauncher.api.TargetType@3e6f3f28], Target[className=net/minecraft/world/entity/animal/frog/Tadpole, elementName=, elementDescriptor=, targetType=cpw.mods.modlauncher.api.TargetType@3e6f3f28], Target[className=net/minecraft/server/commands/RaidCommand, elementName=, elementDescriptor=, targetType=cpw.mods.modlauncher.api.TargetType@3e6f3f28], Target[className=net/minecraft/world/entity/EntityType, elementName=, elementDescriptor=, targetType=cpw.mods.modlauncher.api.TargetType@3e6f3f28], Target[className=net/minecraft/world/entity/animal/horse/SkeletonTrapGoal, elementName=, elementDescriptor=, targetType=cpw.mods.modlauncher.api.TargetType@3e6f3f28], Target[className=net/minecraft/world/entity/monster/ZombieVillager, elementName=, elementDescriptor=, targetType=cpw.mods.modlauncher.api.TargetType@3e6f3f28], Target[className=net/minecraft/world/level/NaturalSpawner, elementName=, elementDescriptor=, targetType=cpw.mods.modlauncher.api.TargetType@3e6f3f28], Target[className=net/minecraft/world/entity/monster/Spider, elementName=, elementDescriptor=, targetType=cpw.mods.modlauncher.api.TargetType@3e6f3f28], Target[className=net/minecraft/world/entity/monster/Zombie, elementName=, elementDescriptor=, targetType=cpw.mods.modlauncher.api.TargetType@3e6f3f28], Target[className=net/minecraft/world/entity/raid/Raid, elementName=, elementDescriptor=, targetType=cpw.mods.modlauncher.api.TargetType@3e6f3f28]] transformer from core-mod net.neoforged.neoforge.coremods.NeoForgeCoreMod@46044faa in neoforge-21.4.48-beta-universal.jar > net.neoforged.neoforge-coremods-21.4.48-beta.jar
[06Jan2025 02:37:08.364] [main/DEBUG] [cpw.mods.modlauncher.TransformStore/MODLAUNCHER]: Adding transformer net.neoforged.neoforge.coremods.ReplaceFieldWithGetterAccess@df1cff6 to Target : cpw.mods.modlauncher.api.TargetType@3e6f3f28 {Lnet/minecraft/world/level/biome/Biome;} {} {V}
[06Jan2025 02:37:08.367] [main/DEBUG] [cpw.mods.modlauncher.TransformStore/MODLAUNCHER]: Adding transformer net.neoforged.neoforge.coremods.ReplaceFieldWithGetterAccess@c96a4ea to Target : cpw.mods.modlauncher.api.TargetType@3e6f3f28 {Lnet/minecraft/world/level/levelgen/structure/Structure;} {} {V}
[06Jan2025 02:37:08.368] [main/DEBUG] [cpw.mods.modlauncher.TransformStore/MODLAUNCHER]: Adding transformer net.neoforged.neoforge.coremods.ReplaceFieldWithGetterAccess@28782602 to Target : cpw.mods.modlauncher.api.TargetType@3e6f3f28 {Lnet/minecraft/world/level/block/FlowerPotBlock;} {} {V}
[06Jan2025 02:37:08.368] [main/DEBUG] [cpw.mods.modlauncher.TransformStore/MODLAUNCHER]: Adding transformer net.neoforged.neoforge.coremods.MethodRedirector@60c16548 to Target : cpw.mods.modlauncher.api.TargetType@3e6f3f28 {Lnet/minecraft/world/level/levelgen/structure/structures/WoodlandMansionPieces$WoodlandMansionPiece;} {} {V}
[06Jan2025 02:37:08.368] [main/DEBUG] [cpw.mods.modlauncher.TransformStore/MODLAUNCHER]: Adding transformer net.neoforged.neoforge.coremods.MethodRedirector@60c16548 to Target : cpw.mods.modlauncher.api.TargetType@3e6f3f28 {Lnet/minecraft/server/commands/SummonCommand;} {} {V}
[06Jan2025 02:37:08.369] [main/DEBUG] [cpw.mods.modlauncher.TransformStore/MODLAUNCHER]: Adding transformer net.neoforged.neoforge.coremods.MethodRedirector@60c16548 to Target : cpw.mods.modlauncher.api.TargetType@3e6f3f28 {Lnet/minecraft/world/level/levelgen/PhantomSpawner;} {} {V}
[06Jan2025 02:37:08.370] [main/DEBUG] [cpw.mods.modlauncher.TransformStore/MODLAUNCHER]: Adding transformer net.neoforged.neoforge.coremods.MethodRedirector@60c16548 to Target : cpw.mods.modlauncher.api.TargetType@3e6f3f28 {Lnet/minecraft/world/entity/ai/village/VillageSiege;} {} {V}
[06Jan2025 02:37:08.370] [main/DEBUG] [cpw.mods.modlauncher.TransformStore/MODLAUNCHER]: Adding transformer net.neoforged.neoforge.coremods.MethodRedirector@60c16548 to Target : cpw.mods.modlauncher.api.TargetType@3e6f3f28 {Lnet/minecraft/world/entity/npc/CatSpawner;} {} {V}
[06Jan2025 02:37:08.370] [main/DEBUG] [cpw.mods.modlauncher.TransformStore/MODLAUNCHER]: Adding transformer net.neoforged.neoforge.coremods.MethodRedirector@60c16548 to Target : cpw.mods.modlauncher.api.TargetType@3e6f3f28 {Lnet/minecraft/world/entity/monster/Strider;} {} {V}
[06Jan2025 02:37:08.370] [main/DEBUG] [cpw.mods.modlauncher.TransformStore/MODLAUNCHER]: Adding transformer net.neoforged.neoforge.coremods.MethodRedirector@60c16548 to Target : cpw.mods.modlauncher.api.TargetType@3e6f3f28 {Lnet/minecraft/world/level/levelgen/structure/templatesystem/StructureTemplate;} {} {V}
[06Jan2025 02:37:08.371] [main/DEBUG] [cpw.mods.modlauncher.TransformStore/MODLAUNCHER]: Adding transformer net.neoforged.neoforge.coremods.MethodRedirector@60c16548 to Target : cpw.mods.modlauncher.api.TargetType@3e6f3f28 {Lnet/minecraft/world/entity/npc/Villager;} {} {V}
[06Jan2025 02:37:08.372] [main/DEBUG] [cpw.mods.modlauncher.TransformStore/MODLAUNCHER]: Adding transformer net.neoforged.neoforge.coremods.MethodRedirector@60c16548 to Target : cpw.mods.modlauncher.api.TargetType@3e6f3f28 {Lnet/minecraft/world/level/levelgen/PatrolSpawner;} {} {V}
[06Jan2025 02:37:08.372] [main/DEBUG] [cpw.mods.modlauncher.TransformStore/MODLAUNCHER]: Adding transformer net.neoforged.neoforge.coremods.MethodRedirector@60c16548 to Target : cpw.mods.modlauncher.api.TargetType@3e6f3f28 {Lnet/minecraft/world/level/levelgen/structure/structures/SwampHutPiece;} {} {V}
[06Jan2025 02:37:08.372] [main/DEBUG] [cpw.mods.modlauncher.TransformStore/MODLAUNCHER]: Adding transformer net.neoforged.neoforge.coremods.MethodRedirector@60c16548 to Target : cpw.mods.modlauncher.api.TargetType@3e6f3f28 {Lnet/minecraft/world/level/levelgen/structure/structures/OceanRuinPieces$OceanRuinPiece;} {} {V}
[06Jan2025 02:37:08.372] [main/DEBUG] [cpw.mods.modlauncher.TransformStore/MODLAUNCHER]: Adding transformer net.neoforged.neoforge.coremods.MethodRedirector@60c16548 to Target : cpw.mods.modlauncher.api.TargetType@3e6f3f28 {Lnet/minecraft/world/entity/monster/Evoker$EvokerSummonSpellGoal;} {} {V}
[06Jan2025 02:37:08.373] [main/DEBUG] [cpw.mods.modlauncher.TransformStore/MODLAUNCHER]: Adding transformer net.neoforged.neoforge.coremods.MethodRedirector@60c16548 to Target : cpw.mods.modlauncher.api.TargetType@3e6f3f28 {Lnet/minecraft/world/level/levelgen/structure/structures/OceanMonumentPieces$OceanMonumentPiece;} {} {V}
[06Jan2025 02:37:08.375] [main/DEBUG] [cpw.mods.modlauncher.TransformStore/MODLAUNCHER]: Adding transformer net.neoforged.neoforge.coremods.MethodRedirector@60c16548 to Target : cpw.mods.modlauncher.api.TargetType@3e6f3f28 {Lnet/minecraft/world/entity/animal/frog/Tadpole;} {} {V}
[06Jan2025 02:37:08.375] [main/DEBUG] [cpw.mods.modlauncher.TransformStore/MODLAUNCHER]: Adding transformer net.neoforged.neoforge.coremods.MethodRedirector@60c16548 to Target : cpw.mods.modlauncher.api.TargetType@3e6f3f28 {Lnet/minecraft/server/commands/RaidCommand;} {} {V}
[06Jan2025 02:37:08.376] [main/DEBUG] [cpw.mods.modlauncher.TransformStore/MODLAUNCHER]: Adding transformer net.neoforged.neoforge.coremods.MethodRedirector@60c16548 to Target : cpw.mods.modlauncher.api.TargetType@3e6f3f28 {Lnet/minecraft/world/entity/EntityType;} {} {V}
[06Jan2025 02:37:08.376] [main/DEBUG] [cpw.mods.modlauncher.TransformStore/MODLAUNCHER]: Adding transformer net.neoforged.neoforge.coremods.MethodRedirector@60c16548 to Target : cpw.mods.modlauncher.api.TargetType@3e6f3f28 {Lnet/minecraft/world/entity/animal/horse/SkeletonTrapGoal;} {} {V}
[06Jan2025 02:37:08.376] [main/DEBUG] [cpw.mods.modlauncher.TransformStore/MODLAUNCHER]: Adding transformer net.neoforged.neoforge.coremods.MethodRedirector@60c16548 to Target : cpw.mods.modlauncher.api.TargetType@3e6f3f28 {Lnet/minecraft/world/entity/monster/ZombieVillager;} {} {V}
[06Jan2025 02:37:08.376] [main/DEBUG] [cpw.mods.modlauncher.TransformStore/MODLAUNCHER]: Adding transformer net.neoforged.neoforge.coremods.MethodRedirector@60c16548 to Target : cpw.mods.modlauncher.api.TargetType@3e6f3f28 {Lnet/minecraft/world/level/NaturalSpawner;} {} {V}
[06Jan2025 02:37:08.376] [main/DEBUG] [cpw.mods.modlauncher.TransformStore/MODLAUNCHER]: Adding transformer net.neoforged.neoforge.coremods.MethodRedirector@60c16548 to Target : cpw.mods.modlauncher.api.TargetType@3e6f3f28 {Lnet/minecraft/world/entity/monster/Spider;} {} {V}
[06Jan2025 02:37:08.377] [main/DEBUG] [cpw.mods.modlauncher.TransformStore/MODLAUNCHER]: Adding transformer net.neoforged.neoforge.coremods.MethodRedirector@60c16548 to Target : cpw.mods.modlauncher.api.TargetType@3e6f3f28 {Lnet/minecraft/world/entity/monster/Zombie;} {} {V}
[06Jan2025 02:37:08.377] [main/DEBUG] [cpw.mods.modlauncher.TransformStore/MODLAUNCHER]: Adding transformer net.neoforged.neoforge.coremods.MethodRedirector@60c16548 to Target : cpw.mods.modlauncher.api.TargetType@3e6f3f28 {Lnet/minecraft/world/entity/raid/Raid;} {} {V}
[06Jan2025 02:37:08.377] [main/DEBUG] [cpw.mods.modlauncher.TransformationServiceDecorator/MODLAUNCHER]: Initialized transformers for transformation service fml
[06Jan2025 02:37:08.814] [main/DEBUG] [mixin/]: Processing prepare() for PlatformAgent[MixinPlatformAgentDefault:ModLauncher Root Container(ModLauncher:4f56a0a2)]
[06Jan2025 02:37:08.816] [main/DEBUG] [mixin/]: Processing prepare() for PlatformAgent[MixinPlatformAgentDefault:net.neoforged.fml.loading.mixin.FMLMixinContainerHandle@6c000e0c]
[06Jan2025 02:37:08.818] [main/DEBUG] [mixin/]: Processing prepare() for PlatformAgent[FMLMixinPlatformAgent:null]
[06Jan2025 02:37:08.981] [main/DEBUG] [mixin/]: Processing launch tasks for PlatformAgent[MixinPlatformAgentDefault:ModLauncher Root Container(ModLauncher:4f56a0a2)]
[06Jan2025 02:37:08.983] [main/DEBUG] [mixin/]: Adding mixin platform agents for container SecureJarResource(mixin_synthetic)
[06Jan2025 02:37:08.984] [main/DEBUG] [mixin/]: Instancing new MixinPlatformAgentMinecraftForge for SecureJarResource(mixin_synthetic)
[06Jan2025 02:37:08.985] [main/DEBUG] [mixin/]: MixinPlatformAgentMinecraftForge rejected container SecureJarResource(mixin_synthetic)
[06Jan2025 02:37:08.986] [main/DEBUG] [mixin/]: Instancing new MixinPlatformAgentDefault for SecureJarResource(mixin_synthetic)
[06Jan2025 02:37:08.987] [main/DEBUG] [mixin/]: MixinPlatformAgentDefault accepted container SecureJarResource(mixin_synthetic)
[06Jan2025 02:37:08.987] [main/DEBUG] [mixin/]: Instancing new FMLMixinPlatformAgent for SecureJarResource(mixin_synthetic)
[06Jan2025 02:37:08.988] [main/DEBUG] [mixin/]: FMLMixinPlatformAgent rejected container SecureJarResource(mixin_synthetic)
[06Jan2025 02:37:08.990] [main/DEBUG] [mixin/]: Processing prepare() for PlatformAgent[MixinPlatformAgentDefault:SecureJarResource(mixin_synthetic)]
[06Jan2025 02:37:08.994] [main/DEBUG] [mixin/]: Adding mixin platform agents for container SecureJarResource(minecraft)
[06Jan2025 02:37:08.994] [main/DEBUG] [mixin/]: Instancing new MixinPlatformAgentMinecraftForge for SecureJarResource(minecraft)
[06Jan2025 02:37:08.994] [main/DEBUG] [mixin/]: MixinPlatformAgentMinecraftForge rejected container SecureJarResource(minecraft)
[06Jan2025 02:37:08.994] [main/DEBUG] [mixin/]: Instancing new MixinPlatformAgentDefault for SecureJarResource(minecraft)
[06Jan2025 02:37:08.995] [main/DEBUG] [mixin/]: MixinPlatformAgentDefault accepted container SecureJarResource(minecraft)
[06Jan2025 02:37:08.995] [main/DEBUG] [mixin/]: Instancing new FMLMixinPlatformAgent for SecureJarResource(minecraft)
[06Jan2025 02:37:08.995] [main/DEBUG] [mixin/]: FMLMixinPlatformAgent rejected container SecureJarResource(minecraft)
[06Jan2025 02:37:08.995] [main/DEBUG] [mixin/]: Processing prepare() for PlatformAgent[MixinPlatformAgentDefault:SecureJarResource(minecraft)]
[06Jan2025 02:37:08.995] [main/DEBUG] [mixin/]: Adding mixin platform agents for container SecureJarResource(neoforge)
[06Jan2025 02:37:08.995] [main/DEBUG] [mixin/]: Instancing new MixinPlatformAgentMinecraftForge for SecureJarResource(neoforge)
[06Jan2025 02:37:08.996] [main/DEBUG] [mixin/]: MixinPlatformAgentMinecraftForge rejected container SecureJarResource(neoforge)
[06Jan2025 02:37:08.996] [main/DEBUG] [mixin/]: Instancing new MixinPlatformAgentDefault for SecureJarResource(neoforge)
[06Jan2025 02:37:08.996] [main/DEBUG] [mixin/]: MixinPlatformAgentDefault accepted container SecureJarResource(neoforge)
[06Jan2025 02:37:08.996] [main/DEBUG] [mixin/]: Instancing new FMLMixinPlatformAgent for SecureJarResource(neoforge)
[06Jan2025 02:37:08.996] [main/DEBUG] [mixin/]: FMLMixinPlatformAgent rejected container SecureJarResource(neoforge)
[06Jan2025 02:37:08.996] [main/DEBUG] [mixin/]: Processing prepare() for PlatformAgent[MixinPlatformAgentDefault:SecureJarResource(neoforge)]
[06Jan2025 02:37:08.996] [main/DEBUG] [mixin/]: Adding mixin platform agents for container SecureJarResource(mixinextras.neoforge)
[06Jan2025 02:37:08.997] [main/DEBUG] [mixin/]: Instancing new MixinPlatformAgentMinecraftForge for SecureJarResource(mixinextras.neoforge)
[06Jan2025 02:37:08.997] [main/DEBUG] [mixin/]: MixinPlatformAgentMinecraftForge rejected container SecureJarResource(mixinextras.neoforge)
[06Jan2025 02:37:08.997] [main/DEBUG] [mixin/]: Instancing new MixinPlatformAgentDefault for SecureJarResource(mixinextras.neoforge)
[06Jan2025 02:37:08.997] [main/DEBUG] [mixin/]: MixinPlatformAgentDefault accepted container SecureJarResource(mixinextras.neoforge)
[06Jan2025 02:37:08.997] [main/DEBUG] [mixin/]: Instancing new FMLMixinPlatformAgent for SecureJarResource(mixinextras.neoforge)
[06Jan2025 02:37:08.997] [main/DEBUG] [mixin/]: FMLMixinPlatformAgent rejected container SecureJarResource(mixinextras.neoforge)
[06Jan2025 02:37:08.998] [main/DEBUG] [mixin/]: Processing prepare() for PlatformAgent[MixinPlatformAgentDefault:SecureJarResource(mixinextras.neoforge)]
[06Jan2025 02:37:08.998] [main/DEBUG] [mixin/]: Registering mixin config: mixinextras.init.mixins.json source=SecureJarResource(mixinextras.neoforge)
[06Jan2025 02:37:09.007] [main/DEBUG] [mixin/]: inject() running with 6 agents
[06Jan2025 02:37:09.007] [main/DEBUG] [mixin/]: Processing inject() for PlatformAgent[MixinPlatformAgentDefault:ModLauncher Root Container(ModLauncher:4f56a0a2)]
[06Jan2025 02:37:09.007] [main/DEBUG] [mixin/]: Processing inject() for PlatformAgent[MixinPlatformAgentDefault:net.neoforged.fml.loading.mixin.FMLMixinContainerHandle@6c000e0c]
[06Jan2025 02:37:09.008] [main/DEBUG] [mixin/]: Processing inject() for PlatformAgent[FMLMixinPlatformAgent:null]
[06Jan2025 02:37:09.008] [main/DEBUG] [mixin/]: Processing inject() for PlatformAgent[MixinPlatformAgentDefault:SecureJarResource(mixin_synthetic)]
[06Jan2025 02:37:09.008] [main/DEBUG] [mixin/]: Processing inject() for PlatformAgent[MixinPlatformAgentDefault:SecureJarResource(minecraft)]
[06Jan2025 02:37:09.008] [main/DEBUG] [mixin/]: Processing inject() for PlatformAgent[MixinPlatformAgentDefault:SecureJarResource(neoforge)]
[06Jan2025 02:37:09.008] [main/DEBUG] [mixin/]: Processing inject() for PlatformAgent[MixinPlatformAgentDefault:SecureJarResource(mixinextras.neoforge)]
[06Jan2025 02:37:09.008] [main/INFO] [cpw.mods.modlauncher.LaunchServiceHandler/MODLAUNCHER]: Launching target 'neoforgeserver' with arguments [nogui]
[06Jan2025 02:37:09.088] [main/DEBUG] [mixin/]: Preparing mixins for MixinEnvironment[DEFAULT]
[06Jan2025 02:37:09.089] [main/DEBUG] [mixin/]: Selecting config neoforge.mixins.json
[06Jan2025 02:37:09.096] [main/DEBUG] [mixin/]: Selecting config mixinextras.init.mixins.json
[06Jan2025 02:37:09.182] [main/DEBUG] [MixinExtras|Service/]: com.llamalad7.mixinextras.service.MixinExtrasServiceImpl(version=0.4.1) is taking over from null
[06Jan2025 02:37:09.372] [main/DEBUG] [mixin/]: Registering new injector for @Inject with org.spongepowered.asm.mixin.injection.struct.CallbackInjectionInfo
[06Jan2025 02:37:09.386] [main/DEBUG] [mixin/]: Registering new injector for @ModifyArg with org.spongepowered.asm.mixin.injection.struct.ModifyArgInjectionInfo
[06Jan2025 02:37:09.395] [main/DEBUG] [mixin/]: Registering new injector for @ModifyArgs with org.spongepowered.asm.mixin.injection.struct.ModifyArgsInjectionInfo
[06Jan2025 02:37:09.400] [main/DEBUG] [mixin/]: Registering new injector for @Redirect with org.spongepowered.asm.mixin.injection.struct.RedirectInjectionInfo
[06Jan2025 02:37:09.411] [main/DEBUG] [mixin/]: Registering new injector for @ModifyVariable with org.spongepowered.asm.mixin.injection.struct.ModifyVariableInjectionInfo
[06Jan2025 02:37:09.416] [main/DEBUG] [mixin/]: Registering new injector for @ModifyConstant with org.spongepowered.asm.mixin.injection.struct.ModifyConstantInjectionInfo
[06Jan2025 02:37:09.481] [main/DEBUG] [mixin/]: Preparing neoforge.mixins.json (2)
[06Jan2025 02:37:09.700] [main/DEBUG] [net.neoforged.accesstransformer.AccessTransformer/AXFORM]: Transforming net.minecraft.world.level.block.entity.BlockEntityType INNERCLASS BlockEntitySupplier PUBLIC LEAVE /META-INF/accesstransformer.cfg:226 to access PUBLIC and LEAVE
[06Jan2025 02:37:09.704] [main/DEBUG] [net.neoforged.accesstransformer.AccessTransformer/AXFORM]: Transforming net.minecraft.world.level.block.entity.BlockEntityType METHOD <init>(Lnet/minecraft/world/level/block/entity/BlockEntityType$BlockEntitySupplier;Ljava/util/Set;)V PUBLIC LEAVE /META-INF/accesstransformer.cfg:225 to access PUBLIC and LEAVE
[06Jan2025 02:37:09.781] [main/TRACE] [mixin/]: Added class metadata for net/minecraft/world/level/block/entity/BlockEntityType to metadata cache
[06Jan2025 02:37:09.794] [main/TRACE] [mixin/]: Added class metadata for net/minecraft/core/MappedRegistry to metadata cache
[06Jan2025 02:37:09.798] [main/DEBUG] [mixin/]: Preparing mixinextras.init.mixins.json (0)
[06Jan2025 02:37:09.814] [main/DEBUG] [mixin/]: Prepared 2 mixins in 0.714 sec (357.0ms avg) (0ms load, 0ms transform, 0ms plugin)
[06Jan2025 02:37:10.237] [main/DEBUG] [io.netty.util.internal.logging.InternalLoggerFactory/]: Using SLF4J as the default logging framework
[06Jan2025 02:37:10.243] [main/DEBUG] [io.netty.util.ResourceLeakDetector/]: -Dio.netty.leakDetection.level: simple
[06Jan2025 02:37:10.245] [main/DEBUG] [io.netty.util.ResourceLeakDetector/]: -Dio.netty.leakDetection.targetRecords: 4
[06Jan2025 02:37:10.931] [main/DEBUG] [oshi.util.FileUtil/]: No oshi.properties file found from ClassLoader cpw.mods.modlauncher.TransformingClassLoader@7e31ce0f
[06Jan2025 02:37:10.938] [main/DEBUG] [oshi.util.FileUtil/]: No oshi.properties file found from ClassLoader jdk.internal.loader.ClassLoaders$AppClassLoader@639fee48
[06Jan2025 02:37:11.116] [main/DEBUG] [oshi.util.FileUtil/]: Reading file /proc/self/auxv
[06Jan2025 02:37:11.119] [main/DEBUG] [oshi.util.FileUtil/]: Reading file /proc/self/auxv
[06Jan2025 02:37:11.127] [main/DEBUG] [oshi.util.FileUtil/]: Reading file /proc/stat
[06Jan2025 02:37:11.133] [main/DEBUG] [oshi.util.FileUtil/]: Reading file /sys/devices/system/cpu/cpu0/topology/core_id
[06Jan2025 02:37:11.133] [main/DEBUG] [oshi.util.FileUtil/]: Reading file /sys/devices/system/cpu/cpu0/topology/core_id
[06Jan2025 02:37:11.133] [main/DEBUG] [oshi.util.FileUtil/]: Reading file /sys/devices/system/cpu/cpu0/topology/physical_package_id
[06Jan2025 02:37:11.134] [main/DEBUG] [oshi.util.FileUtil/]: Reading file /sys/devices/system/cpu/cpu0/topology/physical_package_id
[06Jan2025 02:37:11.134] [main/DEBUG] [oshi.util.FileUtil/]: Reading file /sys/devices/system/cpu/cpu0/cpu_capacity
[06Jan2025 02:37:11.137] [main/DEBUG] [oshi.util.FileUtil/]: Reading file /sys/devices/system/cpu/cpu0/cache/index2/level
[06Jan2025 02:37:11.138] [main/DEBUG] [oshi.util.FileUtil/]: Reading file /sys/devices/system/cpu/cpu0/cache/index2/level
[06Jan2025 02:37:11.138] [main/DEBUG] [oshi.util.FileUtil/]: Reading file /sys/devices/system/cpu/cpu0/cache/index2/type
[06Jan2025 02:37:11.139] [main/DEBUG] [oshi.util.FileUtil/]: Reading file /sys/devices/system/cpu/cpu0/cache/index2/type
[06Jan2025 02:37:11.140] [main/DEBUG] [oshi.util.FileUtil/]: Reading file /sys/devices/system/cpu/cpu0/cache/index2/ways_of_associativity
[06Jan2025 02:37:11.140] [main/DEBUG] [oshi.util.FileUtil/]: Reading file /sys/devices/system/cpu/cpu0/cache/index2/ways_of_associativity
[06Jan2025 02:37:11.141] [main/DEBUG] [oshi.util.FileUtil/]: Reading file /sys/devices/system/cpu/cpu0/cache/index2/coherency_line_size
[06Jan2025 02:37:11.141] [main/DEBUG] [oshi.util.FileUtil/]: Reading file /sys/devices/system/cpu/cpu0/cache/index2/coherency_line_size
[06Jan2025 02:37:11.141] [main/DEBUG] [oshi.util.FileUtil/]: Reading file /sys/devices/system/cpu/cpu0/cache/index2/size
[06Jan2025 02:37:11.141] [main/DEBUG] [oshi.util.FileUtil/]: Reading file /sys/devices/system/cpu/cpu0/cache/index2/size
[06Jan2025 02:37:11.143] [main/DEBUG] [oshi.util.FileUtil/]: Reading file /sys/devices/system/cpu/cpu0/cache/index0/level
[06Jan2025 02:37:11.144] [main/DEBUG] [oshi.util.FileUtil/]: Reading file /sys/devices/system/cpu/cpu0/cache/index0/level
[06Jan2025 02:37:11.144] [main/DEBUG] [oshi.util.FileUtil/]: Reading file /sys/devices/system/cpu/cpu0/cache/index0/type
[06Jan2025 02:37:11.145] [main/DEBUG] [oshi.util.FileUtil/]: Reading file /sys/devices/system/cpu/cpu0/cache/index0/type
[06Jan2025 02:37:11.145] [main/DEBUG] [oshi.util.FileUtil/]: Reading file /sys/devices/system/cpu/cpu0/cache/index0/ways_of_associativity
[06Jan2025 02:37:11.146] [main/DEBUG] [oshi.util.FileUtil/]: Reading file /sys/devices/system/cpu/cpu0/cache/index0/ways_of_associativity
[06Jan2025 02:37:11.146] [main/DEBUG] [oshi.util.FileUtil/]: Reading file /sys/devices/system/cpu/cpu0/cache/index0/coherency_line_size
[06Jan2025 02:37:11.146] [main/DEBUG] [oshi.util.FileUtil/]: Reading file /sys/devices/system/cpu/cpu0/cache/index0/coherency_line_size
[06Jan2025 02:37:11.147] [main/DEBUG] [oshi.util.FileUtil/]: Reading file /sys/devices/system/cpu/cpu0/cache/index0/size
[06Jan2025 02:37:11.147] [main/DEBUG] [oshi.util.FileUtil/]: Reading file /sys/devices/system/cpu/cpu0/cache/index0/size
[06Jan2025 02:37:11.148] [main/DEBUG] [oshi.util.FileUtil/]: Reading file /sys/devices/system/cpu/cpu0/cache/index3/level
[06Jan2025 02:37:11.148] [main/DEBUG] [oshi.util.FileUtil/]: Reading file /sys/devices/system/cpu/cpu0/cache/index3/level
[06Jan2025 02:37:11.148] [main/DEBUG] [oshi.util.FileUtil/]: Reading file /sys/devices/system/cpu/cpu0/cache/index3/type
[06Jan2025 02:37:11.148] [main/DEBUG] [oshi.util.FileUtil/]: Reading file /sys/devices/system/cpu/cpu0/cache/index3/type
[06Jan2025 02:37:11.149] [main/DEBUG] [oshi.util.FileUtil/]: Reading file /sys/devices/system/cpu/cpu0/cache/index3/ways_of_associativity
[06Jan2025 02:37:11.149] [main/DEBUG] [oshi.util.FileUtil/]: Reading file /sys/devices/system/cpu/cpu0/cache/index3/ways_of_associativity
[06Jan2025 02:37:11.150] [main/DEBUG] [oshi.util.FileUtil/]: Reading file /sys/devices/system/cpu/cpu0/cache/index3/coherency_line_size
[06Jan2025 02:37:11.150] [main/DEBUG] [oshi.util.FileUtil/]: Reading file /sys/devices/system/cpu/cpu0/cache/index3/coherency_line_size
[06Jan2025 02:37:11.150] [main/DEBUG] [oshi.util.FileUtil/]: Reading file /sys/devices/system/cpu/cpu0/cache/index3/size
[06Jan2025 02:37:11.150] [main/DEBUG] [oshi.util.FileUtil/]: Reading file /sys/devices/system/cpu/cpu0/cache/index3/size
[06Jan2025 02:37:11.151] [main/DEBUG] [oshi.util.FileUtil/]: Reading file /sys/devices/system/cpu/cpu0/cache/index1/level
[06Jan2025 02:37:11.151] [main/DEBUG] [oshi.util.FileUtil/]: Reading file /sys/devices/system/cpu/cpu0/cache/index1/level
[06Jan2025 02:37:11.151] [main/DEBUG] [oshi.util.FileUtil/]: Reading file /sys/devices/system/cpu/cpu0/cache/index1/type
[06Jan2025 02:37:11.151] [main/DEBUG] [oshi.util.FileUtil/]: Reading file /sys/devices/system/cpu/cpu0/cache/index1/type
[06Jan2025 02:37:11.151] [main/DEBUG] [oshi.util.FileUtil/]: Reading file /sys/devices/system/cpu/cpu0/cache/index1/ways_of_associativity
[06Jan2025 02:37:11.152] [main/DEBUG] [oshi.util.FileUtil/]: Reading file /sys/devices/system/cpu/cpu0/cache/index1/ways_of_associativity
[06Jan2025 02:37:11.152] [main/DEBUG] [oshi.util.FileUtil/]: Reading file /sys/devices/system/cpu/cpu0/cache/index1/coherency_line_size
[06Jan2025 02:37:11.152] [main/DEBUG] [oshi.util.FileUtil/]: Reading file /sys/devices/system/cpu/cpu0/cache/index1/coherency_line_size
[06Jan2025 02:37:11.152] [main/DEBUG] [oshi.util.FileUtil/]: Reading file /sys/devices/system/cpu/cpu0/cache/index1/size
[06Jan2025 02:37:11.153] [main/DEBUG] [oshi.util.FileUtil/]: Reading file /sys/devices/system/cpu/cpu0/cache/index1/size
[06Jan2025 02:37:11.154] [main/DEBUG] [oshi.util.FileUtil/]: Reading file /sys/devices/system/cpu/cpu1/topology/core_id
[06Jan2025 02:37:11.155] [main/DEBUG] [oshi.util.FileUtil/]: Reading file /sys/devices/system/cpu/cpu1/topology/core_id
[06Jan2025 02:37:11.155] [main/DEBUG] [oshi.util.FileUtil/]: Reading file /sys/devices/system/cpu/cpu1/topology/physical_package_id
[06Jan2025 02:37:11.155] [main/DEBUG] [oshi.util.FileUtil/]: Reading file /sys/devices/system/cpu/cpu1/topology/physical_package_id
[06Jan2025 02:37:11.156] [main/DEBUG] [oshi.util.FileUtil/]: Reading file /sys/devices/system/cpu/cpu1/cpu_capacity
[06Jan2025 02:37:11.156] [main/DEBUG] [oshi.util.FileUtil/]: Reading file /sys/devices/system/cpu/cpu1/cache/index2/level
[06Jan2025 02:37:11.156] [main/DEBUG] [oshi.util.FileUtil/]: Reading file /sys/devices/system/cpu/cpu1/cache/index2/level
[06Jan2025 02:37:11.157] [main/DEBUG] [oshi.util.FileUtil/]: Reading file /sys/devices/system/cpu/cpu1/cache/index2/type
[06Jan2025 02:37:11.157] [main/DEBUG] [oshi.util.FileUtil/]: Reading file /sys/devices/system/cpu/cpu1/cache/index2/type
[06Jan2025 02:37:11.157] [main/DEBUG] [oshi.util.FileUtil/]: Reading file /sys/devices/system/cpu/cpu1/cache/index2/ways_of_associativity
[06Jan2025 02:37:11.157] [main/DEBUG] [oshi.util.FileUtil/]: Reading file /sys/devices/system/cpu/cpu1/cache/index2/ways_of_associativity
[06Jan2025 02:37:11.157] [main/DEBUG] [oshi.util.FileUtil/]: Reading file /sys/devices/system/cpu/cpu1/cache/index2/coherency_line_size
[06Jan2025 02:37:11.158] [main/DEBUG] [oshi.util.FileUtil/]: Reading file /sys/devices/system/cpu/cpu1/cache/index2/coherency_line_size
[06Jan2025 02:37:11.158] [main/DEBUG] [oshi.util.FileUtil/]: Reading file /sys/devices/system/cpu/cpu1/cache/index2/size
[06Jan2025 02:37:11.158] [main/DEBUG] [oshi.util.FileUtil/]: Reading file /sys/devices/system/cpu/cpu1/cache/index2/size
[06Jan2025 02:37:11.158] [main/DEBUG] [oshi.util.FileUtil/]: Reading file /sys/devices/system/cpu/cpu1/cache/index0/level
[06Jan2025 02:37:11.159] [main/DEBUG] [oshi.util.FileUtil/]: Reading file /sys/devices/system/cpu/cpu1/cache/index0/level
[06Jan2025 02:37:11.159] [main/DEBUG] [oshi.util.FileUtil/]: Reading file /sys/devices/system/cpu/cpu1/cache/index0/type
[06Jan2025 02:37:11.160] [main/DEBUG] [oshi.util.FileUtil/]: Reading file /sys/devices/system/cpu/cpu1/cache/index0/type
[06Jan2025 02:37:11.161] [main/DEBUG] [oshi.util.FileUtil/]: Reading file /sys/devices/system/cpu/cpu1/cache/index0/ways_of_associativity
[06Jan2025 02:37:11.161] [main/DEBUG] [oshi.util.FileUtil/]: Reading file /sys/devices/system/cpu/cpu1/cache/index0/ways_of_associativity
[06Jan2025 02:37:11.161] [main/DEBUG] [oshi.util.FileUtil/]: Reading file /sys/devices/system/cpu/cpu1/cache/index0/coherency_line_size
[06Jan2025 02:37:11.161] [main/DEBUG] [oshi.util.FileUtil/]: Reading file /sys/devices/system/cpu/cpu1/cache/index0/coherency_line_size
[06Jan2025 02:37:11.162] [main/DEBUG] [oshi.util.FileUtil/]: Reading file /sys/devices/system/cpu/cpu1/cache/index0/size
[06Jan2025 02:37:11.162] [main/DEBUG] [oshi.util.FileUtil/]: Reading file /sys/devices/system/cpu/cpu1/cache/index0/size
[06Jan2025 02:37:11.162] [main/DEBUG] [oshi.util.FileUtil/]: Reading file /sys/devices/system/cpu/cpu1/cache/index3/level
[06Jan2025 02:37:11.163] [main/DEBUG] [oshi.util.FileUtil/]: Reading file /sys/devices/system/cpu/cpu1/cache/index3/level
[06Jan2025 02:37:11.163] [main/DEBUG] [oshi.util.FileUtil/]: Reading file /sys/devices/system/cpu/cpu1/cache/index3/type
[06Jan2025 02:37:11.163] [main/DEBUG] [oshi.util.FileUtil/]: Reading file /sys/devices/system/cpu/cpu1/cache/index3/type
[06Jan2025 02:37:11.163] [main/DEBUG] [oshi.util.FileUtil/]: Reading file /sys/devices/system/cpu/cpu1/cache/index3/ways_of_associativity
[06Jan2025 02:37:11.164] [main/DEBUG] [oshi.util.FileUtil/]: Reading file /sys/devices/system/cpu/cpu1/cache/index3/ways_of_associativity
[06Jan2025 02:37:11.164] [main/DEBUG] [oshi.util.FileUtil/]: Reading file /sys/devices/system/cpu/cpu1/cache/index3/coherency_line_size
[06Jan2025 02:37:11.164] [main/DEBUG] [oshi.util.FileUtil/]: Reading file /sys/devices/system/cpu/cpu1/cache/index3/coherency_line_size
[06Jan2025 02:37:11.164] [main/DEBUG] [oshi.util.FileUtil/]: Reading file /sys/devices/system/cpu/cpu1/cache/index3/size
[06Jan2025 02:37:11.165] [main/DEBUG] [oshi.util.FileUtil/]: Reading file /sys/devices/system/cpu/cpu1/cache/index3/size
[06Jan2025 02:37:11.166] [main/DEBUG] [oshi.util.FileUtil/]: Reading file /sys/devices/system/cpu/cpu1/cache/index1/level
[06Jan2025 02:37:11.166] [main/DEBUG] [oshi.util.FileUtil/]: Reading file /sys/devices/system/cpu/cpu1/cache/index1/level
[06Jan2025 02:37:11.166] [main/DEBUG] [oshi.util.FileUtil/]: Reading file /sys/devices/system/cpu/cpu1/cache/index1/type
[06Jan2025 02:37:11.167] [main/DEBUG] [oshi.util.FileUtil/]: Reading file /sys/devices/system/cpu/cpu1/cache/index1/type
[06Jan2025 02:37:11.167] [main/DEBUG] [oshi.util.FileUtil/]: Reading file /sys/devices/system/cpu/cpu1/cache/index1/ways_of_associativity
[06Jan2025 02:37:11.167] [main/DEBUG] [oshi.util.FileUtil/]: Reading file /sys/devices/system/cpu/cpu1/cache/index1/ways_of_associativity
[06Jan2025 02:37:11.167] [main/DEBUG] [oshi.util.FileUtil/]: Reading file /sys/devices/system/cpu/cpu1/cache/index1/coherency_line_size
[06Jan2025 02:37:11.167] [main/DEBUG] [oshi.util.FileUtil/]: Reading file /sys/devices/system/cpu/cpu1/cache/index1/coherency_line_size
[06Jan2025 02:37:11.168] [main/DEBUG] [oshi.util.FileUtil/]: Reading file /sys/devices/system/cpu/cpu1/cache/index1/size
[06Jan2025 02:37:11.168] [main/DEBUG] [oshi.util.FileUtil/]: Reading file /sys/devices/system/cpu/cpu1/cache/index1/size
[06Jan2025 02:37:11.170] [main/DEBUG] [oshi.util.FileUtil/]: Reading file /proc/cpuinfo
[06Jan2025 02:37:11.171] [main/DEBUG] [oshi.util.FileUtil/]: Reading file /proc/cpuinfo
[06Jan2025 02:37:11.209] [main/DEBUG] [oshi.util.FileUtil/]: Reading file /proc/self/auxv
[06Jan2025 02:37:11.211] [main/DEBUG] [oshi.util.FileUtil/]: No oshi.architecture.properties file found from ClassLoader cpw.mods.modlauncher.TransformingClassLoader@7e31ce0f
[06Jan2025 02:37:11.212] [main/DEBUG] [oshi.util.FileUtil/]: No oshi.architecture.properties file found from ClassLoader jdk.internal.loader.ClassLoaders$AppClassLoader@639fee48
[06Jan2025 02:37:11.307] [main/DEBUG] [oshi.util.FileUtil/]: Reading file /proc/meminfo
[06Jan2025 02:37:11.308] [main/DEBUG] [oshi.util.FileUtil/]: Reading file /proc/meminfo
[06Jan2025 02:37:11.609] [main/INFO] [MixinExtras|Service/]: Initializing MixinExtras via com.llamalad7.mixinextras.service.MixinExtrasServiceImpl(version=0.4.1).
[06Jan2025 02:37:11.632] [main/DEBUG] [mixin/]: Registering new injector for @SugarWrapper with com.llamalad7.mixinextras.sugar.impl.SugarWrapperInjectionInfo
[06Jan2025 02:37:11.633] [main/DEBUG] [mixin/]: Registering new injector for @FactoryRedirectWrapper with com.llamalad7.mixinextras.wrapper.factory.FactoryRedirectWrapperInjectionInfo
[06Jan2025 02:37:11.663] [main/DEBUG] [mixin/]: Mixing MappedRegistryAccessor from neoforge.mixins.json into net.minecraft.core.MappedRegistry
[06Jan2025 02:37:11.706] [main/DEBUG] [mixin/]: neoforge.mixins.json:MappedRegistryAccessor from mod neoforge: Class version 65 required is higher than the class version supported by the current version of Mixin (JAVA_16 supports class version 60)
[06Jan2025 02:37:14.198] [main/DEBUG] [mixin/]: Mixing BlockEntityTypeAccessor from neoforge.mixins.json into net.minecraft.world.level.block.entity.BlockEntityType
[06Jan2025 02:37:14.198] [main/DEBUG] [mixin/]: neoforge.mixins.json:BlockEntityTypeAccessor from mod neoforge: Class version 65 required is higher than the class version supported by the current version of Mixin (JAVA_16 supports class version 60)
[06Jan2025 02:37:16.835] [main/DEBUG] [io.netty.util.internal.PlatformDependent0/]: -Dio.netty.noUnsafe: false
[06Jan2025 02:37:16.835] [main/DEBUG] [io.netty.util.internal.PlatformDependent0/]: Java version: 21
[06Jan2025 02:37:16.836] [main/DEBUG] [io.netty.util.internal.PlatformDependent0/]: sun.misc.Unsafe.theUnsafe: available
[06Jan2025 02:37:16.837] [main/DEBUG] [io.netty.util.internal.PlatformDependent0/]: sun.misc.Unsafe base methods: all available
[06Jan2025 02:37:16.838] [main/DEBUG] [io.netty.util.internal.PlatformDependent0/]: sun.misc.Unsafe.storeFence: available
[06Jan2025 02:37:16.838] [main/DEBUG] [io.netty.util.internal.PlatformDependent0/]: java.nio.Buffer.address: available
[06Jan2025 02:37:16.839] [main/DEBUG] [io.netty.util.internal.PlatformDependent0/]: java.nio.Bits.unaligned: available, true
[06Jan2025 02:37:16.841] [main/DEBUG] [io.netty.util.internal.PlatformDependent0/]: java.nio.DirectByteBuffer.<init>(long, {int,long}): unavailable
[06Jan2025 02:37:16.841] [main/DEBUG] [io.netty.util.internal.PlatformDependent/]: sun.misc.Unsafe: available
[06Jan2025 02:37:16.841] [main/DEBUG] [io.netty.util.internal.PlatformDependent/]: -Dio.netty.tmpdir: /tmp (java.io.tmpdir)
[06Jan2025 02:37:16.841] [main/DEBUG] [io.netty.util.internal.PlatformDependent/]: -Dio.netty.bitMode: 64 (sun.arch.data.model)
[06Jan2025 02:37:16.842] [main/DEBUG] [io.netty.util.internal.PlatformDependent/]: -Dio.netty.maxDirectMemory: -1 bytes
[06Jan2025 02:37:16.842] [main/DEBUG] [io.netty.util.internal.PlatformDependent/]: -Dio.netty.uninitializedArrayAllocationThreshold: -1
[06Jan2025 02:37:16.844] [main/DEBUG] [io.netty.util.internal.CleanerJava9/]: java.nio.ByteBuffer.cleaner(): available
[06Jan2025 02:37:16.844] [main/DEBUG] [io.netty.util.internal.PlatformDependent/]: -Dio.netty.noPreferDirect: false
[06Jan2025 02:37:16.845] [main/DEBUG] [io.netty.util.internal.PlatformDependent/]: Error while reading content of /etc/os-release
java.io.IOException: Maximum number of bytes read: 8192
	at MC-BOOTSTRAP/io.netty.common@4.1.115.Final/io.netty.util.internal.BoundedInputStream.checkMaxBytesRead(BoundedInputStream.java:79) ~[netty-common-4.1.115.Final.jar%23125!/:4.1.115.Final]
	at MC-BOOTSTRAP/io.netty.common@4.1.115.Final/io.netty.util.internal.BoundedInputStream.read(BoundedInputStream.java:58) ~[netty-common-4.1.115.Final.jar%23125!/:4.1.115.Final]
	at java.base/sun.nio.cs.StreamDecoder.readBytes(StreamDecoder.java:350) ~[?:?]
	at java.base/sun.nio.cs.StreamDecoder.implRead(StreamDecoder.java:393) ~[?:?]
	at java.base/sun.nio.cs.StreamDecoder.lockedRead(StreamDecoder.java:217) ~[?:?]
	at java.base/sun.nio.cs.StreamDecoder.read(StreamDecoder.java:171) ~[?:?]
	at java.base/java.io.InputStreamReader.read(InputStreamReader.java:188) ~[?:?]
	at java.base/java.io.BufferedReader.fill(BufferedReader.java:160) ~[?:?]
	at java.base/java.io.BufferedReader.implReadLine(BufferedReader.java:370) ~[?:?]
	at java.base/java.io.BufferedReader.readLine(BufferedReader.java:347) ~[?:?]
	at java.base/java.io.BufferedReader.readLine(BufferedReader.java:436) ~[?:?]
	at MC-BOOTSTRAP/io.netty.common@4.1.115.Final/io.netty.util.internal.PlatformDependent$4.run(PlatformDependent.java:246) ~[netty-common-4.1.115.Final.jar%23125!/:4.1.115.Final]
	at MC-BOOTSTRAP/io.netty.common@4.1.115.Final/io.netty.util.internal.PlatformDependent$4.run(PlatformDependent.java:235) ~[netty-common-4.1.115.Final.jar%23125!/:4.1.115.Final]
	at java.base/java.security.AccessController.doPrivileged(AccessController.java:319) ~[?:?]
	at MC-BOOTSTRAP/io.netty.common@4.1.115.Final/io.netty.util.internal.PlatformDependent.addFilesystemOsClassifiers(PlatformDependent.java:235) ~[netty-common-4.1.115.Final.jar%23125!/:4.1.115.Final]
	at MC-BOOTSTRAP/io.netty.common@4.1.115.Final/io.netty.util.internal.PlatformDependent.<clinit>(PlatformDependent.java:226) ~[netty-common-4.1.115.Final.jar%23125!/:4.1.115.Final]
	at MC-BOOTSTRAP/io.netty.common@4.1.115.Final/io.netty.util.ConstantPool.<init>(ConstantPool.java:34) ~[netty-common-4.1.115.Final.jar%23125!/:4.1.115.Final]
	at MC-BOOTSTRAP/io.netty.common@4.1.115.Final/io.netty.util.AttributeKey$1.<init>(AttributeKey.java:27) ~[netty-common-4.1.115.Final.jar%23125!/:4.1.115.Final]
	at MC-BOOTSTRAP/io.netty.common@4.1.115.Final/io.netty.util.AttributeKey.<clinit>(AttributeKey.java:27) ~[netty-common-4.1.115.Final.jar%23125!/:4.1.115.Final]
	at TRANSFORMER/neoforge@21.4.48-beta/net.neoforged.neoforge.registries.RegistryManager.<clinit>(RegistryManager.java:272) ~[neoforge-21.4.48-beta-universal.jar%23142!/:?]
	at TRANSFORMER/neoforge@21.4.48-beta/net.neoforged.neoforge.registries.RegistryBuilder.create(RegistryBuilder.java:114) ~[neoforge-21.4.48-beta-universal.jar%23142!/:?]
	at TRANSFORMER/neoforge@21.4.48-beta/net.neoforged.neoforge.registries.NeoForgeRegistries.<clinit>(NeoForgeRegistries.java:34) ~[neoforge-21.4.48-beta-universal.jar%23142!/:?]
	at TRANSFORMER/minecraft@1.21.4/net.minecraft.resources.HolderSetCodec.<init>(HolderSetCodec.java:42) ~[server-1.21.4-20241203.161809-srg.jar%23141!/:?]
	at TRANSFORMER/minecraft@1.21.4/net.minecraft.resources.HolderSetCodec.create(HolderSetCodec.java:33) ~[server-1.21.4-20241203.161809-srg.jar%23141!/:?]
	at TRANSFORMER/minecraft@1.21.4/net.minecraft.core.RegistryCodecs.homogeneousList(RegistryCodecs.java:23) ~[server-1.21.4-20241203.161809-srg.jar%23141!/:?]
	at TRANSFORMER/minecraft@1.21.4/net.minecraft.core.RegistryCodecs.homogeneousList(RegistryCodecs.java:19) ~[server-1.21.4-20241203.161809-srg.jar%23141!/:?]
	at TRANSFORMER/minecraft@1.21.4/net.minecraft.world.item.enchantment.Enchantment$EnchantmentDefinition.lambda$static$0(Enchantment.java:657) ~[server-1.21.4-20241203.161809-srg.jar%23141!/:?]
	at MC-BOOTSTRAP/datafixerupper@8.0.16/com.mojang.serialization.codecs.RecordCodecBuilder.mapCodec(RecordCodecBuilder.java:76) ~[datafixerupper-8.0.16.jar%23117!/:?]
	at TRANSFORMER/minecraft@1.21.4/net.minecraft.world.item.enchantment.Enchantment$EnchantmentDefinition.<clinit>(Enchantment.java:655) ~[server-1.21.4-20241203.161809-srg.jar%23141!/:?]
	at TRANSFORMER/minecraft@1.21.4/net.minecraft.world.item.enchantment.Enchantment.lambda$static$0(Enchantment.java:65) ~[server-1.21.4-20241203.161809-srg.jar%23141!/:?]
	at MC-BOOTSTRAP/datafixerupper@8.0.16/com.mojang.serialization.codecs.RecordCodecBuilder.create(RecordCodecBuilder.java:72) ~[datafixerupper-8.0.16.jar%23117!/:?]
	at TRANSFORMER/minecraft@1.21.4/net.minecraft.world.item.enchantment.Enchantment.<clinit>(Enchantment.java:63) ~[server-1.21.4-20241203.161809-srg.jar%23141!/:?]
	at TRANSFORMER/minecraft@1.21.4/net.minecraft.world.item.enchantment.ItemEnchantments.<clinit>(ItemEnchantments.java:36) ~[server-1.21.4-20241203.161809-srg.jar%23141!/:?]
	at TRANSFORMER/minecraft@1.21.4/net.minecraft.core.component.DataComponents.lambda$static$10(DataComponents.java:108) ~[server-1.21.4-20241203.161809-srg.jar%23141!/:?]
	at TRANSFORMER/minecraft@1.21.4/net.minecraft.core.component.DataComponents.register(DataComponents.java:326) ~[server-1.21.4-20241203.161809-srg.jar%23141!/:?]
	at TRANSFORMER/minecraft@1.21.4/net.minecraft.core.component.DataComponents.<clinit>(DataComponents.java:108) ~[server-1.21.4-20241203.161809-srg.jar%23141!/:?]
	at TRANSFORMER/minecraft@1.21.4/net.minecraft.world.item.Item$Properties.<init>(Item.java:353) ~[server-1.21.4-20241203.161809-srg.jar%23141!/:?]
	at TRANSFORMER/minecraft@1.21.4/net.minecraft.world.item.Items.registerBlock(Items.java:2215) ~[server-1.21.4-20241203.161809-srg.jar%23141!/:?]
	at TRANSFORMER/minecraft@1.21.4/net.minecraft.world.item.Items.<clinit>(Items.java:52) ~[server-1.21.4-20241203.161809-srg.jar%23141!/:?]
	at TRANSFORMER/minecraft@1.21.4/net.minecraft.world.level.block.LightBlock.getShape(LightBlock.java:65) ~[server-1.21.4-20241203.161809-srg.jar%23141!/:?]
	at TRANSFORMER/minecraft@1.21.4/net.minecraft.world.level.block.state.BlockBehaviour$BlockStateBase.getShape(BlockBehaviour.java:674) ~[server-1.21.4-20241203.161809-srg.jar%23141!/:?]
	at TRANSFORMER/minecraft@1.21.4/net.minecraft.world.level.block.state.BlockBehaviour$BlockStateBase.getShape(BlockBehaviour.java:670) ~[server-1.21.4-20241203.161809-srg.jar%23141!/:?]
	at TRANSFORMER/minecraft@1.21.4/net.minecraft.world.level.block.state.BlockBehaviour.getCollisionShape(BlockBehaviour.java:324) ~[server-1.21.4-20241203.161809-srg.jar%23141!/:?]
	at TRANSFORMER/minecraft@1.21.4/net.minecraft.world.level.block.state.BlockBehaviour$BlockStateBase$Cache.<init>(BlockBehaviour.java:942) ~[server-1.21.4-20241203.161809-srg.jar%23141!/:?]
	at TRANSFORMER/minecraft@1.21.4/net.minecraft.world.level.block.state.BlockBehaviour$BlockStateBase.initCache(BlockBehaviour.java:505) ~[server-1.21.4-20241203.161809-srg.jar%23141!/:?]
	at TRANSFORMER/minecraft@1.21.4/net.minecraft.world.level.block.Blocks.<clinit>(Blocks.java:6940) ~[server-1.21.4-20241203.161809-srg.jar%23141!/:?]
	at TRANSFORMER/minecraft@1.21.4/net.minecraft.world.level.block.FireBlock.bootStrap(FireBlock.java:351) ~[server-1.21.4-20241203.161809-srg.jar%23141!/:?]
	at TRANSFORMER/minecraft@1.21.4/net.minecraft.server.Bootstrap.bootStrap(Bootstrap.java:50) ~[server-1.21.4-20241203.161809-srg.jar%23141!/:?]
	at TRANSFORMER/minecraft@1.21.4/net.minecraft.server.Main.main(Main.java:124) ~[server-1.21.4-20241203.161809-srg.jar%23141!/:?]
	at java.base/jdk.internal.reflect.DirectMethodHandleAccessor.invoke(DirectMethodHandleAccessor.java:103) ~[?:?]
	at java.base/java.lang.reflect.Method.invoke(Method.java:580) ~[?:?]
	at MC-BOOTSTRAP/fml_loader@6.0.4/net.neoforged.fml.loading.targets.CommonLaunchHandler.runTarget(CommonLaunchHandler.java:128) ~[loader-6.0.4.jar%2371!/:6.0]
	at MC-BOOTSTRAP/fml_loader@6.0.4/net.neoforged.fml.loading.targets.CommonLaunchHandler.serverService(CommonLaunchHandler.java:124) ~[loader-6.0.4.jar%2371!/:6.0]
	at MC-BOOTSTRAP/fml_loader@6.0.4/net.neoforged.fml.loading.targets.NeoForgeServerLaunchHandler.runService(NeoForgeServerLaunchHandler.java:39) ~[loader-6.0.4.jar%2371!/:6.0]
	at MC-BOOTSTRAP/fml_loader@6.0.4/net.neoforged.fml.loading.targets.CommonLaunchHandler.lambda$launchService$4(CommonLaunchHandler.java:114) ~[loader-6.0.4.jar%2371!/:6.0]
	at MC-BOOTSTRAP/cpw.mods.modlauncher@11.0.4/cpw.mods.modlauncher.LaunchServiceHandlerDecorator.launch(LaunchServiceHandlerDecorator.java:30) [modlauncher-11.0.4.jar%2376!/:?]
	at MC-BOOTSTRAP/cpw.mods.modlauncher@11.0.4/cpw.mods.modlauncher.LaunchServiceHandler.launch(LaunchServiceHandler.java:53) [modlauncher-11.0.4.jar%2376!/:?]
	at MC-BOOTSTRAP/cpw.mods.modlauncher@11.0.4/cpw.mods.modlauncher.LaunchServiceHandler.launch(LaunchServiceHandler.java:71) [modlauncher-11.0.4.jar%2376!/:?]
	at MC-BOOTSTRAP/cpw.mods.modlauncher@11.0.4/cpw.mods.modlauncher.Launcher.run(Launcher.java:103) [modlauncher-11.0.4.jar%2376!/:?]
	at MC-BOOTSTRAP/cpw.mods.modlauncher@11.0.4/cpw.mods.modlauncher.Launcher.main(Launcher.java:74) [modlauncher-11.0.4.jar%2376!/:?]
	at MC-BOOTSTRAP/cpw.mods.modlauncher@11.0.4/cpw.mods.modlauncher.BootstrapLaunchConsumer.accept(BootstrapLaunchConsumer.java:26) [modlauncher-11.0.4.jar%2376!/:?]
	at MC-BOOTSTRAP/cpw.mods.modlauncher@11.0.4/cpw.mods.modlauncher.BootstrapLaunchConsumer.accept(BootstrapLaunchConsumer.java:23) [modlauncher-11.0.4.jar%2376!/:?]
	at cpw.mods.bootstraplauncher@2.0.2/cpw.mods.bootstraplauncher.BootstrapLauncher.run(BootstrapLauncher.java:210) [bootstraplauncher-2.0.2.jar:?]
	at cpw.mods.bootstraplauncher@2.0.2/cpw.mods.bootstraplauncher.BootstrapLauncher.main(BootstrapLauncher.java:69) [bootstraplauncher-2.0.2.jar:?]
	at java.base/jdk.internal.reflect.DirectMethodHandleAccessor.invoke(DirectMethodHandleAccessor.java:103) ~[?:?]
	at java.base/java.lang.reflect.Method.invoke(Method.java:580) ~[?:?]
	at net.neoforged.serverstarterjar.Main.mainLaunch(Main.java:300) [neoforge.jar:0.1.29]
	at net.neoforged.serverstarterjar.Main.main(Main.java:79) [neoforge.jar:0.1.29]
	at java.base/jdk.internal.reflect.DirectMethodHandleAccessor.invoke(DirectMethodHandleAccessor.java:103) ~[?:?]
	at java.base/java.lang.reflect.Method.invoke(Method.java:580) ~[?:?]
	at net.neoforged.serverstarterjar.Main8.main(Main8.java:19) [neoforge.jar:0.1.29]
[06Jan2025 02:37:21.189] [main/DEBUG] [net.neoforged.fml.ModWorkManager/LOADING]: Using 2 threads for parallel mod-loading
[06Jan2025 02:37:21.202] [main/DEBUG] [net.neoforged.fml.javafmlmod.FMLModContainer/LOADING]: Creating FMLModContainer instance for [net.neoforged.neoforge.common.NeoForgeMod]
[06Jan2025 02:37:21.235] [modloading-worker-0/DEBUG] [net.neoforged.neoforge.internal.versions.neoforge.NeoForgeVersion/CORE]: Found NeoForge version 21.4.48-beta
[06Jan2025 02:37:21.235] [modloading-worker-0/DEBUG] [net.neoforged.neoforge.internal.versions.neoforge.NeoForgeVersion/CORE]: Found FML version 6.0.4
[06Jan2025 02:37:21.236] [modloading-worker-0/INFO] [net.neoforged.neoforge.common.NeoForgeMod/NEOFORGE-MOD]: NeoForge mod loading, version 21.4.48-beta, for MC 1.21.4
[06Jan2025 02:37:21.270] [modloading-worker-0/DEBUG] [net.neoforged.fml.config.ConfigTracker/CONFIG]: Config file neoforge-client.toml for neoforge tracking
[06Jan2025 02:37:21.270] [modloading-worker-0/DEBUG] [net.neoforged.fml.config.ConfigTracker/CONFIG]: Config file neoforge-server.toml for neoforge tracking
[06Jan2025 02:37:21.270] [modloading-worker-0/DEBUG] [net.neoforged.fml.config.ConfigTracker/CONFIG]: Config file neoforge-common.toml for neoforge tracking
[06Jan2025 02:37:21.328] [modloading-worker-0/DEBUG] [net.neoforged.fml.javafmlmod.AutomaticEventSubscriber/LOADING]: Attempting to inject @EventBusSubscriber classes into the eventbus for neoforge
[06Jan2025 02:37:21.331] [modloading-worker-0/DEBUG] [net.neoforged.fml.javafmlmod.AutomaticEventSubscriber/LOADING]: Auto-subscribing net.neoforged.neoforge.network.filters.GenericPacketSplitter to MOD
[06Jan2025 02:37:21.358] [modloading-worker-0/DEBUG] [io.netty.buffer.AbstractByteBuf/]: -Dio.netty.buffer.checkAccessible: true
[06Jan2025 02:37:21.358] [modloading-worker-0/DEBUG] [io.netty.buffer.AbstractByteBuf/]: -Dio.netty.buffer.checkBounds: true
[06Jan2025 02:37:21.359] [modloading-worker-0/DEBUG] [io.netty.util.ResourceLeakDetectorFactory/]: Loaded default ResourceLeakDetector: io.netty.util.ResourceLeakDetector@702d0189
[06Jan2025 02:37:21.367] [modloading-worker-0/DEBUG] [io.netty.util.internal.InternalThreadLocalMap/]: -Dio.netty.threadLocalMap.stringBuilder.initialSize: 1024
[06Jan2025 02:37:21.367] [modloading-worker-0/DEBUG] [io.netty.util.internal.InternalThreadLocalMap/]: -Dio.netty.threadLocalMap.stringBuilder.maxSize: 4096
[06Jan2025 02:37:21.370] [modloading-worker-0/DEBUG] [io.netty.buffer.PooledByteBufAllocator/]: -Dio.netty.allocator.numHeapArenas: 4
[06Jan2025 02:37:21.371] [modloading-worker-0/DEBUG] [io.netty.buffer.PooledByteBufAllocator/]: -Dio.netty.allocator.numDirectArenas: 4
[06Jan2025 02:37:21.371] [modloading-worker-0/DEBUG] [io.netty.buffer.PooledByteBufAllocator/]: -Dio.netty.allocator.pageSize: 8192
[06Jan2025 02:37:21.371] [modloading-worker-0/DEBUG] [io.netty.buffer.PooledByteBufAllocator/]: -Dio.netty.allocator.maxOrder: 9
[06Jan2025 02:37:21.371] [modloading-worker-0/DEBUG] [io.netty.buffer.PooledByteBufAllocator/]: -Dio.netty.allocator.chunkSize: 4194304
[06Jan2025 02:37:21.371] [modloading-worker-0/DEBUG] [io.netty.buffer.PooledByteBufAllocator/]: -Dio.netty.allocator.smallCacheSize: 256
[06Jan2025 02:37:21.371] [modloading-worker-0/DEBUG] [io.netty.buffer.PooledByteBufAllocator/]: -Dio.netty.allocator.normalCacheSize: 64
[06Jan2025 02:37:21.371] [modloading-worker-0/DEBUG] [io.netty.buffer.PooledByteBufAllocator/]: -Dio.netty.allocator.maxCachedBufferCapacity: 32768
[06Jan2025 02:37:21.371] [modloading-worker-0/DEBUG] [io.netty.buffer.PooledByteBufAllocator/]: -Dio.netty.allocator.cacheTrimInterval: 8192
[06Jan2025 02:37:21.372] [modloading-worker-0/DEBUG] [io.netty.buffer.PooledByteBufAllocator/]: -Dio.netty.allocator.cacheTrimIntervalMillis: 0
[06Jan2025 02:37:21.372] [modloading-worker-0/DEBUG] [io.netty.buffer.PooledByteBufAllocator/]: -Dio.netty.allocator.useCacheForAllThreads: false
[06Jan2025 02:37:21.372] [modloading-worker-0/DEBUG] [io.netty.buffer.PooledByteBufAllocator/]: -Dio.netty.allocator.maxCachedByteBuffersPerChunk: 1023
[06Jan2025 02:37:21.372] [modloading-worker-0/DEBUG] [io.netty.buffer.PooledByteBufAllocator/]: -Dio.netty.allocator.disableCacheFinalizersForFastThreadLocalThreads: false
[06Jan2025 02:37:21.379] [modloading-worker-0/DEBUG] [io.netty.buffer.ByteBufUtil/]: -Dio.netty.allocator.type: pooled
[06Jan2025 02:37:21.379] [modloading-worker-0/DEBUG] [io.netty.buffer.ByteBufUtil/]: -Dio.netty.threadLocalDirectBufferSize: 0
[06Jan2025 02:37:21.379] [modloading-worker-0/DEBUG] [io.netty.buffer.ByteBufUtil/]: -Dio.netty.maxThreadLocalCharBufferSize: 16384
[06Jan2025 02:37:21.389] [modloading-worker-0/DEBUG] [net.neoforged.fml.javafmlmod.AutomaticEventSubscriber/LOADING]: Auto-subscribing net.neoforged.neoforge.network.NetworkInitialization to MOD
[06Jan2025 02:37:21.390] [modloading-worker-0/DEBUG] [net.neoforged.fml.javafmlmod.AutomaticEventSubscriber/LOADING]: Auto-subscribing net.neoforged.neoforge.network.ConfigurationInitialization to MOD
[06Jan2025 02:37:21.393] [modloading-worker-0/DEBUG] [net.neoforged.fml.javafmlmod.AutomaticEventSubscriber/LOADING]: Auto-subscribing net.neoforged.neoforge.common.MonsterRoomHooks to GAME
[06Jan2025 02:37:21.394] [modloading-worker-0/DEBUG] [net.neoforged.fml.javafmlmod.AutomaticEventSubscriber/LOADING]: Auto-subscribing net.neoforged.neoforge.attachment.AttachmentInternals to GAME
[06Jan2025 02:37:21.575] [modloading-sync-worker/DEBUG] [net.neoforged.fml.config.ConfigTracker/CONFIG]: Loading configs type COMMON
[06Jan2025 02:37:21.585] [modloading-sync-worker/DEBUG] [net.neoforged.neoforge.common.NeoForgeConfig/FORGEMOD]: Loaded NeoForge config file neoforge-common.toml
[06Jan2025 02:37:21.586] [modloading-sync-worker/DEBUG] [net.neoforged.fml.config.ConfigTracker/CONFIG]: Loaded TOML config file /workspaces/Prueba/servidor_minecraft/config/neoforge-common.toml
[06Jan2025 02:37:21.592] [modloading-sync-worker/DEBUG] [net.neoforged.fml.config.ConfigTracker/CONFIG]: Watching TOML config file /workspaces/Prueba/servidor_minecraft/config/neoforge-common.toml for changes
[06Jan2025 02:37:21.597] [modloading-sync-worker/DEBUG] [net.neoforged.fml.DeferredWorkQueue/LOADING]: Dispatching synchronous work for work queue Common setup: 1 jobs
[06Jan2025 02:37:21.599] [modloading-sync-worker/DEBUG] [net.neoforged.fml.DeferredWorkQueue/LOADING]: Synchronous work queue completed in 933.9 s
[06Jan2025 02:37:21.839] [main/INFO] [com.mojang.authlib.yggdrasil.YggdrasilAuthenticationService/]: Environment: Environment[sessionHost=https://sessionserver.mojang.com, servicesHost=https://api.minecraftservices.com, name=PROD]
[06Jan2025 02:37:22.076] [main/WARN] [net.minecraft.server.packs.VanillaPackResourcesBuilder/]: Assets URL 'union:/workspaces/Prueba/servidor_minecraft/libraries/net/minecraft/server/1.21.4-20241203.161809/server-1.21.4-20241203.161809-srg.jar%23141!/assets/.mcassetsroot' uses unexpected schema
[06Jan2025 02:37:22.076] [main/WARN] [net.minecraft.server.packs.VanillaPackResourcesBuilder/]: Assets URL 'union:/workspaces/Prueba/servidor_minecraft/libraries/net/minecraft/server/1.21.4-20241203.161809/server-1.21.4-20241203.161809-srg.jar%23141!/data/.mcassetsroot' uses unexpected schema
[06Jan2025 02:37:25.438] [main/INFO] [net.minecraft.world.item.crafting.RecipeManager/]: Loaded 1370 recipes
[06Jan2025 02:37:25.473] [main/INFO] [net.minecraft.advancements.AdvancementTree/]: Loaded 1481 advancements
[06Jan2025 02:37:25.559] [main/DEBUG] [net.neoforged.neoforge.common.CommonHooks/WP]: Gathered mod list to write to world save world
[06Jan2025 02:37:25.692] [Server thread/INFO] [net.minecraft.server.dedicated.DedicatedServer/]: Starting minecraft server version 1.21.4
[06Jan2025 02:37:25.692] [Server thread/INFO] [net.minecraft.server.dedicated.DedicatedServer/]: Loading properties
[06Jan2025 02:37:25.693] [Server thread/INFO] [net.minecraft.server.dedicated.DedicatedServer/]: Default game type: SURVIVAL
[06Jan2025 02:37:25.693] [Server thread/INFO] [net.minecraft.server.MinecraftServer/]: Generating keypair
[06Jan2025 02:37:25.951] [Server thread/INFO] [net.minecraft.server.dedicated.DedicatedServer/]: Starting Minecraft server on *:25565
[06Jan2025 02:37:25.952] [Server thread/DEBUG] [net.neoforged.neoforge.network.DualStackUtils/]: Detected IPv6 address: "0:0:0:0:0:0:0:0"
[06Jan2025 02:37:25.961] [Server thread/DEBUG] [io.netty.util.internal.NativeLibraryLoader/]: -Dio.netty.native.workdir: /tmp (io.netty.tmpdir)
[06Jan2025 02:37:25.961] [Server thread/DEBUG] [io.netty.util.internal.NativeLibraryLoader/]: -Dio.netty.native.deleteLibAfterLoading: true
[06Jan2025 02:37:25.961] [Server thread/DEBUG] [io.netty.util.internal.NativeLibraryLoader/]: -Dio.netty.native.tryPatchShadedId: true
[06Jan2025 02:37:25.962] [Server thread/DEBUG] [io.netty.util.internal.NativeLibraryLoader/]: -Dio.netty.native.detectNativeLibraryDuplicates: true
[06Jan2025 02:37:25.971] [Server thread/DEBUG] [io.netty.util.internal.NativeLibraryLoader/]: Successfully loaded the library /tmp/libnetty_transport_native_epoll_x86_6415141883229510958824.so
[06Jan2025 02:37:25.974] [Server thread/DEBUG] [io.netty.util.NetUtil/]: -Djava.net.preferIPv4Stack: false
[06Jan2025 02:37:25.975] [Server thread/DEBUG] [io.netty.util.NetUtil/]: -Djava.net.preferIPv6Addresses: true
[06Jan2025 02:37:25.976] [Server thread/DEBUG] [io.netty.util.NetUtilInitializations/]: Loopback interface: lo (lo, 0:0:0:0:0:0:0:1%lo)
[06Jan2025 02:37:25.977] [Server thread/DEBUG] [io.netty.util.NetUtil/]: /proc/sys/net/core/somaxconn: 4096
[06Jan2025 02:37:25.982] [Server thread/DEBUG] [io.netty.channel.MultithreadEventLoopGroup/]: -Dio.netty.eventLoopThreads: 4
[06Jan2025 02:37:25.989] [Server thread/DEBUG] [io.netty.util.concurrent.GlobalEventExecutor/]: -Dio.netty.globalEventExecutor.quietPeriodSeconds: 1
[06Jan2025 02:37:26.003] [Server thread/DEBUG] [io.netty.util.internal.PlatformDependent/]: org.jctools-core.MpscChunkedArrayQueue: available
[06Jan2025 02:37:26.007] [Server thread/INFO] [net.minecraft.server.network.ServerConnectionListener/]: Using epoll channel type
[06Jan2025 02:37:26.024] [Server thread/DEBUG] [io.netty.channel.DefaultChannelId/]: -Dio.netty.processId: 26178 (auto-detected)
[06Jan2025 02:37:26.026] [Server thread/DEBUG] [io.netty.channel.DefaultChannelId/]: -Dio.netty.machineId: 7c:1e:52:ff:fe:6e:c5:2e (auto-detected)
[06Jan2025 02:37:26.040] [Server thread/DEBUG] [io.netty.bootstrap.ChannelInitializerExtensions/]: -Dio.netty.bootstrap.extensions: null
[06Jan2025 02:37:26.049] [Server thread/WARN] [net.minecraft.server.dedicated.DedicatedServer/]: **** SERVER IS RUNNING IN OFFLINE/INSECURE MODE!
[06Jan2025 02:37:26.050] [Server thread/WARN] [net.minecraft.server.dedicated.DedicatedServer/]: The server will make no attempt to authenticate usernames. Beware.
[06Jan2025 02:37:26.050] [Server thread/WARN] [net.minecraft.server.dedicated.DedicatedServer/]: While this makes the game possible to play without internet access, it also opens up the ability for hackers to connect with any username they choose.
[06Jan2025 02:37:26.050] [Server thread/WARN] [net.minecraft.server.dedicated.DedicatedServer/]: To change this, set "online-mode" to "true" in the server.properties file.
[06Jan2025 02:37:26.064] [Server thread/DEBUG] [net.neoforged.fml.config.ConfigTracker/CONFIG]: Loading configs type SERVER
[06Jan2025 02:37:26.066] [Server thread/DEBUG] [net.neoforged.neoforge.common.NeoForgeConfig/FORGEMOD]: Loaded NeoForge config file neoforge-server.toml
[06Jan2025 02:37:26.066] [Server thread/DEBUG] [net.neoforged.fml.config.ConfigTracker/CONFIG]: Loaded TOML config file /workspaces/Prueba/servidor_minecraft/config/neoforge-server.toml
[06Jan2025 02:37:26.066] [Server thread/DEBUG] [net.neoforged.fml.config.ConfigTracker/CONFIG]: Watching TOML config file /workspaces/Prueba/servidor_minecraft/config/neoforge-server.toml for changes
[06Jan2025 02:37:26.148] [Server thread/INFO] [net.minecraft.server.dedicated.DedicatedServer/]: Preparing level "world"
[06Jan2025 02:37:26.604] [Server thread/INFO] [net.minecraft.server.MinecraftServer/]: Preparing start region for dimension minecraft:overworld
[06Jan2025 02:37:35.022] [Worker-Main-1/INFO] [net.minecraft.server.level.progress.LoggerChunkProgressListener/]: Preparing spawn area: 0%
[06Jan2025 02:37:35.024] [Worker-Main-1/INFO] [net.minecraft.server.level.progress.LoggerChunkProgressListener/]: Preparing spawn area: 0%
[06Jan2025 02:37:35.024] [Worker-Main-1/INFO] [net.minecraft.server.level.progress.LoggerChunkProgressListener/]: Preparing spawn area: 0%
[06Jan2025 02:37:35.025] [Worker-Main-1/INFO] [net.minecraft.server.level.progress.LoggerChunkProgressListener/]: Preparing spawn area: 0%
[06Jan2025 02:37:35.028] [Worker-Main-1/INFO] [net.minecraft.server.level.progress.LoggerChunkProgressListener/]: Preparing spawn area: 0%
[06Jan2025 02:37:35.029] [Worker-Main-1/INFO] [net.minecraft.server.level.progress.LoggerChunkProgressListener/]: Preparing spawn area: 0%
[06Jan2025 02:37:35.031] [Worker-Main-1/INFO] [net.minecraft.server.level.progress.LoggerChunkProgressListener/]: Preparing spawn area: 0%
[06Jan2025 02:37:35.031] [Worker-Main-1/INFO] [net.minecraft.server.level.progress.LoggerChunkProgressListener/]: Preparing spawn area: 0%
[06Jan2025 02:37:35.032] [Worker-Main-1/INFO] [net.minecraft.server.level.progress.LoggerChunkProgressListener/]: Preparing spawn area: 0%
[06Jan2025 02:37:35.035] [Worker-Main-1/INFO] [net.minecraft.server.level.progress.LoggerChunkProgressListener/]: Preparing spawn area: 0%
[06Jan2025 02:37:35.035] [Worker-Main-1/INFO] [net.minecraft.server.level.progress.LoggerChunkProgressListener/]: Preparing spawn area: 0%
[06Jan2025 02:37:35.036] [Worker-Main-1/INFO] [net.minecraft.server.level.progress.LoggerChunkProgressListener/]: Preparing spawn area: 0%
[06Jan2025 02:37:35.037] [Worker-Main-1/INFO] [net.minecraft.server.level.progress.LoggerChunkProgressListener/]: Preparing spawn area: 0%
[06Jan2025 02:37:35.038] [Worker-Main-1/INFO] [net.minecraft.server.level.progress.LoggerChunkProgressListener/]: Preparing spawn area: 0%
[06Jan2025 02:37:35.038] [Worker-Main-1/INFO] [net.minecraft.server.level.progress.LoggerChunkProgressListener/]: Preparing spawn area: 0%
[06Jan2025 02:37:35.040] [Worker-Main-1/INFO] [net.minecraft.server.level.progress.LoggerChunkProgressListener/]: Preparing spawn area: 0%
[06Jan2025 02:37:35.040] [Worker-Main-1/INFO] [net.minecraft.server.level.progress.LoggerChunkProgressListener/]: Preparing spawn area: 0%
[06Jan2025 02:37:35.108] [Worker-Main-1/INFO] [net.minecraft.server.level.progress.LoggerChunkProgressListener/]: Preparing spawn area: 0%
[06Jan2025 02:37:35.289] [Server thread/INFO] [net.minecraft.server.level.progress.LoggerChunkProgressListener/]: Time elapsed: 8684 ms
[06Jan2025 02:37:35.290] [Server thread/INFO] [net.minecraft.server.dedicated.DedicatedServer/]: Done (9.226s)! For help, type "help"
[06Jan2025 02:37:35.300] [Server thread/DEBUG] [net.neoforged.neoforge.network.DualStackUtils/]: Detected IPv6 address: "0:0:0:0:0:0:0:0"
[06Jan2025 02:37:35.325] [Server thread/DEBUG] [net.neoforged.neoforge.server.LanguageHook/]: Loaded 3 language files for en_us
[06Jan2025 02:37:35.333] [Server thread/INFO] [net.neoforged.neoforge.server.permission.PermissionAPI/]: Successfully initialized permission handler neoforge:default_handler
[06Jan2025 02:38:35.285] [Server thread/INFO] [net.minecraft.server.MinecraftServer/]: Server empty for 60 seconds, pausing
[06Jan2025 02:38:35.308] [Server thread/DEBUG] [net.neoforged.neoforge.common.CommonHooks/WP]: Gathered mod list to write to world save world
