[06Jan2025 02:37:06.696] [main/INFO] [cpw.mods.modlauncher.Launcher/MODLAUNCHER]: ModLauncher running: args [--launchTarget, neoforgeserver, --fml.neoForgeVersion, 21.4.48-beta, --fml.fmlVersion, 6.0.4, --fml.mcVersion, 1.21.4, --fml.neoFormVersion, 20241203.161809, nogui]
[06Jan2025 02:37:06.713] [main/INFO] [cpw.mods.modlauncher.Launcher/MODLAUNCHER]: JVM identified as Ubuntu OpenJDK 64-Bit Server VM 21.0.5+11-Ubuntu-1ubuntu120.04
[06Jan2025 02:37:06.725] [main/INFO] [cpw.mods.modlauncher.Launcher/MODLAUNCHER]: ModLauncher 11.0.4+main.d2e20e43 starting: java version 21.0.5 by Ubuntu; OS Linux arch amd64 version 6.5.0-1025-azure
[06Jan2025 02:37:06.924] [main/INFO] [net.neoforged.fml.loading.ImmediateWindowHandler/]: ImmediateWindowProvider not loading because launch target is neoforgeserver
[06Jan2025 02:37:07.023] [main/INFO] [mixin/]: SpongePowered MIXIN Subsystem Version=0.8.7 Source=union:/workspaces/Prueba/servidor_minecraft/libraries/net/fabricmc/sponge-mixin/0.15.2+mixin.0.8.7/sponge-mixin-0.15.2+mixin.0.8.7.jar%2385!/ Service=ModLauncher Env=SERVER
[06Jan2025 02:37:07.856] [main/INFO] [net.neoforged.fml.loading.moddiscovery.ModDiscoverer/SCAN]: Found mod file "server-1.21.4-20241203.161809-srg.jar" [locator: production server provider +net.neoforged:neoforge:21.4.48-beta:server]
[06Jan2025 02:37:07.933] [main/INFO] [net.neoforged.fml.loading.moddiscovery.ModDiscoverer/SCAN]: Found mod file "neoforge-21.4.48-beta-universal.jar" [locator: PathBasedLocator[name=neoforge, paths=[libraries/net/neoforged/neoforge/21.4.48-beta/neoforge-21.4.48-beta-universal.jar]], reader: mod manifest]
[06Jan2025 02:37:08.195] [main/INFO] [net.neoforged.fml.loading.moddiscovery.locators.JarInJarDependencyLocator/]: Found 2 dependencies adding them to mods collection
[06Jan2025 02:37:08.196] [main/INFO] [net.neoforged.fml.loading.moddiscovery.ModDiscoverer/SCAN]: Found gamelibrary file "mixinextras-neoforge-0.4.1.jar" [parent: neoforge-21.4.48-beta-universal.jar, locator: jarinjar, reader: mod manifest]
[06Jan2025 02:37:08.196] [main/INFO] [net.neoforged.fml.loading.moddiscovery.ModDiscoverer/SCAN]: Found library file "net.neoforged.neoforge-coremods-21.4.48-beta.jar" [parent: neoforge-21.4.48-beta-universal.jar, locator: jarinjar, reader: mod manifest]
[06Jan2025 02:37:08.198] [main/INFO] [net.neoforged.fml.loading.moddiscovery.ModDiscoverer/]: 
     Mod List:
		Name Version (Mod Id)

		Minecraft 1.21.4 (minecraft)
		NeoForge 21.4.48-beta (neoforge)
[06Jan2025 02:37:09.008] [main/INFO] [cpw.mods.modlauncher.LaunchServiceHandler/MODLAUNCHER]: Launching target 'neoforgeserver' with arguments [nogui]
[06Jan2025 02:37:11.609] [main/INFO] [MixinExtras|Service/]: Initializing MixinExtras via com.llamalad7.mixinextras.service.MixinExtrasServiceImpl(version=0.4.1).
[06Jan2025 02:37:21.236] [modloading-worker-0/INFO] [net.neoforged.neoforge.common.NeoForgeMod/NEOFORGE-MOD]: NeoForge mod loading, version 21.4.48-beta, for MC 1.21.4
[06Jan2025 02:37:21.839] [main/INFO] [com.mojang.authlib.yggdrasil.YggdrasilAuthenticationService/]: Environment: Environment[sessionHost=https://sessionserver.mojang.com, servicesHost=https://api.minecraftservices.com, name=PROD]
[06Jan2025 02:37:22.076] [main/WARN] [net.minecraft.server.packs.VanillaPackResourcesBuilder/]: Assets URL 'union:/workspaces/Prueba/servidor_minecraft/libraries/net/minecraft/server/1.21.4-20241203.161809/server-1.21.4-20241203.161809-srg.jar%23141!/assets/.mcassetsroot' uses unexpected schema
[06Jan2025 02:37:22.076] [main/WARN] [net.minecraft.server.packs.VanillaPackResourcesBuilder/]: Assets URL 'union:/workspaces/Prueba/servidor_minecraft/libraries/net/minecraft/server/1.21.4-20241203.161809/server-1.21.4-20241203.161809-srg.jar%23141!/data/.mcassetsroot' uses unexpected schema
[06Jan2025 02:37:25.438] [main/INFO] [net.minecraft.world.item.crafting.RecipeManager/]: Loaded 1370 recipes
[06Jan2025 02:37:25.473] [main/INFO] [net.minecraft.advancements.AdvancementTree/]: Loaded 1481 advancements
[06Jan2025 02:37:25.692] [Server thread/INFO] [net.minecraft.server.dedicated.DedicatedServer/]: Starting minecraft server version 1.21.4
[06Jan2025 02:37:25.692] [Server thread/INFO] [net.minecraft.server.dedicated.DedicatedServer/]: Loading properties
[06Jan2025 02:37:25.693] [Server thread/INFO] [net.minecraft.server.dedicated.DedicatedServer/]: Default game type: SURVIVAL
[06Jan2025 02:37:25.693] [Server thread/INFO] [net.minecraft.server.MinecraftServer/]: Generating keypair
[06Jan2025 02:37:25.951] [Server thread/INFO] [net.minecraft.server.dedicated.DedicatedServer/]: Starting Minecraft server on *:25565
[06Jan2025 02:37:26.007] [Server thread/INFO] [net.minecraft.server.network.ServerConnectionListener/]: Using epoll channel type
[06Jan2025 02:37:26.049] [Server thread/WARN] [net.minecraft.server.dedicated.DedicatedServer/]: **** SERVER IS RUNNING IN OFFLINE/INSECURE MODE!
[06Jan2025 02:37:26.050] [Server thread/WARN] [net.minecraft.server.dedicated.DedicatedServer/]: The server will make no attempt to authenticate usernames. Beware.
[06Jan2025 02:37:26.050] [Server thread/WARN] [net.minecraft.server.dedicated.DedicatedServer/]: While this makes the game possible to play without internet access, it also opens up the ability for hackers to connect with any username they choose.
[06Jan2025 02:37:26.050] [Server thread/WARN] [net.minecraft.server.dedicated.DedicatedServer/]: To change this, set "online-mode" to "true" in the server.properties file.
[06Jan2025 02:37:26.148] [Server thread/INFO] [net.minecraft.server.dedicated.DedicatedServer/]: Preparing level "world"
[06Jan2025 02:37:26.604] [Server thread/INFO] [net.minecraft.server.MinecraftServer/]: Preparing start region for dimension minecraft:overworld
[06Jan2025 02:37:35.022] [Worker-Main-1/INFO] [net.minecraft.server.level.progress.LoggerChunkProgressListener/]: Preparing spawn area: 0%
[06Jan2025 02:37:35.024] [Worker-Main-1/INFO] [net.minecraft.server.level.progress.LoggerChunkProgressListener/]: Preparing spawn area: 0%
[06Jan2025 02:37:35.024] [Worker-Main-1/INFO] [net.minecraft.server.level.progress.LoggerChunkProgressListener/]: Preparing spawn area: 0%
[06Jan2025 02:37:35.025] [Worker-Main-1/INFO] [net.minecraft.server.level.progress.LoggerChunkProgressListener/]: Preparing spawn area: 0%
[06Jan2025 02:37:35.028] [Worker-Main-1/INFO] [net.minecraft.server.level.progress.LoggerChunkProgressListener/]: Preparing spawn area: 0%
[06Jan2025 02:37:35.029] [Worker-Main-1/INFO] [net.minecraft.server.level.progress.LoggerChunkProgressListener/]: Preparing spawn area: 0%
[06Jan2025 02:37:35.031] [Worker-Main-1/INFO] [net.minecraft.server.level.progress.LoggerChunkProgressListener/]: Preparing spawn area: 0%
[06Jan2025 02:37:35.031] [Worker-Main-1/INFO] [net.minecraft.server.level.progress.LoggerChunkProgressListener/]: Preparing spawn area: 0%
[06Jan2025 02:37:35.032] [Worker-Main-1/INFO] [net.minecraft.server.level.progress.LoggerChunkProgressListener/]: Preparing spawn area: 0%
[06Jan2025 02:37:35.035] [Worker-Main-1/INFO] [net.minecraft.server.level.progress.LoggerChunkProgressListener/]: Preparing spawn area: 0%
[06Jan2025 02:37:35.035] [Worker-Main-1/INFO] [net.minecraft.server.level.progress.LoggerChunkProgressListener/]: Preparing spawn area: 0%
[06Jan2025 02:37:35.036] [Worker-Main-1/INFO] [net.minecraft.server.level.progress.LoggerChunkProgressListener/]: Preparing spawn area: 0%
[06Jan2025 02:37:35.037] [Worker-Main-1/INFO] [net.minecraft.server.level.progress.LoggerChunkProgressListener/]: Preparing spawn area: 0%
[06Jan2025 02:37:35.038] [Worker-Main-1/INFO] [net.minecraft.server.level.progress.LoggerChunkProgressListener/]: Preparing spawn area: 0%
[06Jan2025 02:37:35.038] [Worker-Main-1/INFO] [net.minecraft.server.level.progress.LoggerChunkProgressListener/]: Preparing spawn area: 0%
[06Jan2025 02:37:35.040] [Worker-Main-1/INFO] [net.minecraft.server.level.progress.LoggerChunkProgressListener/]: Preparing spawn area: 0%
[06Jan2025 02:37:35.040] [Worker-Main-1/INFO] [net.minecraft.server.level.progress.LoggerChunkProgressListener/]: Preparing spawn area: 0%
[06Jan2025 02:37:35.108] [Worker-Main-1/INFO] [net.minecraft.server.level.progress.LoggerChunkProgressListener/]: Preparing spawn area: 0%
[06Jan2025 02:37:35.289] [Server thread/INFO] [net.minecraft.server.level.progress.LoggerChunkProgressListener/]: Time elapsed: 8684 ms
[06Jan2025 02:37:35.290] [Server thread/INFO] [net.minecraft.server.dedicated.DedicatedServer/]: Done (9.226s)! For help, type "help"
[06Jan2025 02:37:35.333] [Server thread/INFO] [net.neoforged.neoforge.server.permission.PermissionAPI/]: Successfully initialized permission handler neoforge:default_handler
[06Jan2025 02:38:35.285] [Server thread/INFO] [net.minecraft.server.MinecraftServer/]: Server empty for 60 seconds, pausing
